1 12
1 828125000
1 60
1 7
1 231680000
23 960937500
1 36096000
5 326
1 63360
0 1
1 61000
0 1
1 4880
1 10750
1 18500
1 11714560
1 331250
1 898437500
1 31
1 6
1 289600000
1 455000
1 115000000
1 1265625
0 1
1 1484375
0 1
1 415
1 235937500
1 765000000
1 181250
1 2968750
1 4406250
3 775
1 48
3 347500
1 944
1 340625
1 76
1 419921875
1 6336
1 7125000
11 795000
0 1
1 146000
1 531250
1 22912
1 6500
1 4250
1 13437500
1 130
1 350720000
0 1
7 568
1 24750
3 15800
1 3725000
1 9625000
1 3250
1 15
1 270
1 11500
1 5156250
1 11750000
1 55
1 33800
1 15800
3 27812500
1 4240
0 1
1 52734375
1 59
1 3820000
1 395
1 21200
1 17031250
1 7
1 47250
1 16100000
0 1
1 88281250
0 1
1 962500000
0 1
1 59375
1 4775
0 1
1 465625
1 2796875
3 697600000
1 696
1 27
1 165625
1 13750
1 2843750
7 2840
1 21875
1 385000
3 3140
11 203776
1 504
1 3781250
1 115000000
1 260
1 13800000
1 190
1 1125
1 13281250
1 41875000
1 103125
1 11125000
1 23125
1 75
7 29218750
1 2625
0 1
1 43
1 46750
1 390
23 38437500
1 940
1 7625
1 13281250
1 278400000
1 10750
3 254
1 5625
7 571473920
1 593750
1 21
1 3
1 1375
1 17800000
1 332500
1 128125000
1 13500
3 155
1 1825
1 980
1 11812500
1 4375
1 3136
1 1484375
1 222656250
1 170
1 1300
1 6280
17 1018880
7 338000000
1 456250000
7 195
1 26
1 115000000
1 172
1 130
1 650
1 14560000
3 755000
1 5720000
1 788
1 6950000
1 23
1 1490
1 506880
1 15
3 12400
3 31
1 5650000
1 375
1 3
1 1566720
11 95200
1 275
7 238750000
1 1484375
1 190
1 2225
7 117
1 291200000
1 620800
1 6
1 1550
1 36
1 66015625
1 144531250
1 225
1 1375
1 13
1 438400
1 53125
1 48
1 175
3 62
1 445312500
1 185
0 1
1 1343750
1 11375
1 14843750
1 4375
1 35
1 357500000
1 347656250
1 9125
0 1
3 64062500
1 15680
1 183296000
1 76500000
0 1
1 788000
1 35
1 1850
1 2156250
1 260
3 756250000
1 114062500
1 210
0 1
1 1420
1 31
7 3620000
1 293750
7 228515625
1 53125
1 75
1 31680
1 496640000
0 1
7 39
1 175
1 7950
1 33125
1 93000
1 315000
0 1
1 157500
1 11
1 875
1 3178496
1 606250
1 90240
7 39
1 875
3 155
1 57500
1 6272
1 48
1 6280
1 2687500
1 1796875
1 38500
1 280
1 209600
3 8562500
3 820
1 22200
1 175
1 188
1 18200000
0 1
0 1
1 190
1 18816000
1 5875
0 1
3 3950
9 5281250
3 6040
7 1528000
1 728
1 335
1 143750000
7 1464000
7 4875
1 236
0 1
1 283203125
1 162000000
1 58
1 344
7 780
0 1
1 7
1 103000
7 390
1 3350
1 2425
1 213760000
1 1171200
1 252
1 912500
1 72
1 428800
23 384375000
1 17125
1 16875
1 531250
1 325
1 3880000
1 18816
1 1906250
1 225
1 3184
1 48125
3 5125
1 621093750
1 146875000
1 22812500
0 1
1 155
1 670000
1 15250
1 453125
1 122240
1 29200000
1 368750
1 23461888
1 15
1 388
1 284375
1 4125
1 2900
1 185
1 35
1 2750
1 5250
1 7421875
1 39400
1 1031250
1 131250
11 186000
1 60625
1 843750
1 13125
1 55
1 8375
1 7250
1 38500
0 1
1 70
1 849920
1 830078125
1 1648
1 20864000
3 2060000
1 1240
1 367187500
0 1
3 512500
1 49280
7 4875
1 215
1 471875000
1 38
11 7440
1 137
7 2840
1 194
9 264062500
1 21
1 970
1 118750
1 830078125
1 33125000
7 2840
1 1950
1 12200
0 1
3 3399680
1 917968750
1 17125
1 2375
0 1
1 242000000
1 4040
1 63125
1 11312500
1 19
3 496
1 481689600
0 1
1 108593750
1 3380
1 13598720
1 4250
1 650
1 11584000
1 29120000
1 825
2 162109375
1 240625
1 5625
1 696254464
1 139520000
1 146400000
1 1328125
0 1
1 189062500
1 29
0 1
0 1
1 1950
1 4375
1 193600000
1 4750
0 1
1 317500
1 970000
1 3
1 153000000
1 2875000
1 568750
0 1
1 255
1 6272
1 1140625
1 60625000
3 98816000
1 556800000
0 1
1 2656250
1 75
7 382000000
1 2687500
1 28125
1 43125000
1 1700
1 6300000
1 3093750
3 372500000
1 60
1 1921875
3 5696000
1 701440000
3 35800
7 6450
9 6650
6 2703125
0 1
1 67993600
1 75
0 1
0 1
1 595703125
1 224609375
3 102343750
1 78750
1 91250
1 2027520
1 7421875
1 52734375
1 5375
1 215
1 73750000
1 43778048
1 130
1 9
1 131000
1 2750
11 59500
0 1
1 23000
3 534400000
9 6350000
0 1
1 95
3 48250
1 2124800
1 962500000
3 160156250
1 66406250
1 11
1 115000000
1 289600000
1 2750
9 1990
11 7440
1 70
1 5625
1 875
0 1
0 1
1 531250
1 185
2 13984375
1 4768
1 403125000
1 225
1 550
1 29375000
1 30
1 1605632
1 59500
1 119000
1 143750000
2 119375
1 8273920
1 375
3 18906250
1 3375
1 5375000
1 2825000
1 33750
0 1
0 1
1 880
1 2359375
1 4950
1 22
7 4675000
1 33250
1 16056320
3 775
1 995
1 4875
1 149000000
1 1175
1 28
5 684
1 75
1 1605632
1 650
0 1
1 75
3 559375
1 11125
0 1
1 6
1 3640
3 61718750
1 1125
1 593750
0 1
1 50688
0 1
1 4375
1 359375000
1 220
1 165
1 22
1 48
3 189062500
9 3175000
1 14
3 48320
1 246875000
1 1125
3 158
1 2096000
1 220
1 115
1 71600000
1 6
1 2125
1 11328125
3 320312500
1 9
1 7250
3 62
1 177000000
3 60400
1 365
1 95
1 91648000
3 15700
1 2578125
0 1
2 104375
1 45824000
1 3100
1 875
1 48
1 179687500
1 7850
1 26720000
1 1660
1 8450
0 1
1 144
1 8300
0 1
1 13
1 475
1 260
0 1
1 1484375
1 50176
1 2750
1 30
1 1180
1 14
1 2687500
1 449218750
1 1050
1 2656250
1 921875000
2 162109375
3 20375000
1 1003520
1 182812500
1 72800000
1 95
1 430000
3 409375000
7 152800000
1 130
1 15
11 815104
1 109375
0 1
1 22
1 104320
0 1
3 11125000
0 1
3 643750
1 575000000
1 228515625
1 615625000
1 30200
1 110
7 3550
1 287109375
1 1350
1 45
1 260
1 85
1 13700
0 1
1 35
1 7050000
4 935
0 1
1 296875
1 7920
1 19875
1 110
1 91796875
1 52
0 1
0 1
1 175
1 26250
7 9750
1 1375
1 9440
1 2825
0 1
0 1
1 48
3 67600000
1 893750
1 110
1 579200
1 28250000
1 187000
3 396875000
1 3
3 12400
1 6336
0 1
1 1650
1 142336000
9 13360
1 14375
1 29375000
1 855000000
1 290625
1 7
1 3160
1 10750
1 569344
0 1
1 2281250
1 14375000
1 221440
1 128125000
1 112
1 30
1 825
1 268750000
1 24
0 1
1 21875
7 7640000
1 7100
1 650
1 29
1 265625
1 912500
1 45
1 4700
0 1
1 187392
1 15
1 59375
1 46
1 60
1 10960000
1 309375
1 390
1 1300
1 85
1 2120
1 28125
1 1484375
1 33400
1 175
0 1
1 220312500
1 21
1 110
1 192
1 1125
1 62080000
1 1125
1 402343750
0 1
1 41406250
1 2125
7 2580
1 18625
1 620
1 4750
1 4375
1 11750
1 122
1 3825
0 1
1 915200000
1 584000
1 168750
3 20781250
1 49280
1 1830
1 531250
1 227500
0 1
1 631250
1 493750
1 88750
1 225
3 2672
1 3380000
1 143200000
1 280
1 5375000
3 372500000
1 1350
1 133750
1 49
0 1
1 3250
1 1475000
7 119375
7 9750
0 1
1 3828125
1 289062500
1 12437500
1 283203125
1 13281250
1 875
1 24
1 306380800
9 635000
1 18
1 56
1 587500
1 36250
1 14700
1 1203125
1 855000000
1 92500
7 17750
1 11456
0 1
1 1525
1 28750
1 460937500
1 10078125
1 325
1 11
7 18281250
1 1790
1 875
1 303125
0 1
1 318750
1 230000000
1 1740
1 225
1 1605632
1 31360
1 11800
1 4375
11 3975
1 16600
1 23750
1 111328125
1 165
1 10200
2 490625
1 79375
1 226000000
1 7625
0 1
1 65
1 70
1 66406250
1 13750
1 290
1 105
1 170
1 4562500
1 1906250
1 295
11 9300
0 1
1 1328125
1 370688000
0 1
1 41875000
1 910
1 5250
1 2896000
1 236000
1 2968750
1 980418560
1 138000000
1 293750000
1 18500
1 436000000
1 188
1 10625
1 860
1 65
0 1
0 1
1 75
4 2725
1 206250
0 1
1 65
0 1
1 2750
1 43500
1 3
0 1
0 1
1 724000000
1 925
1 74
1 450
1 5664000
3 32600000
1 310
1 7840
1 46093750
1 906250
1 3
1 2940
1 12125
1 252
0 1
1 856000000
1 540625000
1 1125
1 213750000
1 176
1 76250000
1 4375
1 4375
3 8499200
1 2390625
1 220
1 10703125
1 748000000
1 4375
1 33203125
1 55
1 56934400
1 367187500
1 324
1 122000
1 60211200
1 275
0 1
1 56400
1 980
11 59500
1 4448000
0 1
1 11
1 19
7 875560960
3 6350
3 6350000
3 155
3 2468750
1 156
1 690
1 1925000
1 1300
1 4725
9 21280
1 7080000
1 388671875
1 106
0 1
1 198750000
3 5031250
1 85760
1 88960000
1 7
1 1050
1 3375
1 261718750
1 405
1 1125
1 705
1 3860000
1 575000000
1 556640625
1 99
1 16600
1 118750
1 4937500
0 1
1 3184
1 156
1 50176
1 180
1 1328
7 390
1 3275000
3 620
1 67187500
1 13750
1 75
1 6750
1 10625
1 19
0 1
1 395000
1 3
1 675
1 48
3 1592
1 5800
1 38
1 7905280
1 43000
3 890000000
1 32031250
1 45760
1 25781250
1 23840
0 1
1 33750
1 100480000
1 36
1 51520000
3 712000000
1 4966400
3 775
1 875
1 41750
1 24687500
1 3550
1 25781250
1 324000
1 12
1 91796875
1 9440
1 52
1 227500
1 24
1 639631360
3 12812500
0 1
1 3250
5 22656
1 740
1 63
1 324000
1 17
1 3671875
1 1725
3 1662500
1 225
7 284000
11 4650
7 1910000
1 34
1 44
1 51904512
0 1
1 6
11 23250
1 84375
1 12125
7 12224000
0 1
1 219200000
1 48
1 56640625
3 178000000
1 54375000
11 1190
9 1330
1 102000
1 1176
1 7343750
1 330
1 419921875
1 725
1 930000
1 34
1 12890625
1 62
7 258
1 15
1 762500
1 296875
1 175
1 1484375
1 730000000
1 176
1 2740000
1 115625
1 796
1 6
1 4966400
0 1
3 824320
0 1
1 107
1 6718750
0 1
1 11750
1 2890625
1 3
1 26
0 1
7 251953125
1 150
3 201250
11 99375
1 427500000
1 4125
1 4850000
0 1
1 198246400
0 1
1 14750000
1 620800000
1 325
1 109375
2 4475
1 53440000
1 115
1 950
1 6500
1 1232000
7 338000000
1 8046875
7 195
1 60
1 17152
1 1484375
1 224609375
3 7150
3 48400000
11 14921875
0 1
1 3078125
1 108750
1 71875000
11 318000
5 2096
1 26
1 87
1 22
0 1
1 15
1 620
1 1125
11 65208320
1 3093750
11 92968750
1 54375
1 650
1 244
1 152500000
1 73000
1 11875
1 150390625
1 6875
1 24
1 845000000
1 650
1 3250
1 5156250
1 675
0 1
1 1375
3 163000000
1 1171200
7 403456000
1 17812500
0 1
1 18125
1 185
7 238750000
3 2768
0 1
1 2968750
1 192500
1 1240
1 512500
1 395000
0 1
1 68480000
1 10878976
3 15100000
1 2281250
7 6450000
1 175
1 135
0 1
1 206250
1 350
0 1
1 650
1 21875
1 275
1 156672
1 12544
9 63680
1 56640000
1 843750
3 11730944
1 9932800
2 137
1 593750
1 175
1 3
3 163000000
2 3725
2 3275
1 52
1 34
1 30
1 33500000
1 2109375
1 21875
1 1300
11 397500
3 32604160
1 6272
1 52734375
1 192
7 3900
1 15400
1 115234375
1 23360
1 330
0 1
3 11392000
1 450
1 275
1 3244032
1 22
0 1
3 124
1 168750
3 111250
1 2325
1 875
1 78750
1 15100
0 1
7 488960
1 215625
1 1660
1 94000
3 37812500
1 109375
1 15
1 14843750
1 192
1 425
1 400390625
1 27
0 1
1 595703125
1 16691200
1 47656250
1 2750
1 118750
1 796
1 875
1 7
1 18500
1 48960000
0 1
1 143750000
1 214400
1 85
1 5350
1 3984375
1 61718750
3 496
1 679687500
1 1075
1 1260
1 679687500
1 90400
0 1
1 155
11 9300
1 550
1 11750000
1 36400
1 2020
1 36
1 2312500
1 593750
1 165625000
1 44
1 7320
1 75
1 2750
0 1
1 1730000
1 48
3 41
1 25781250
7 177500
1 2180
1 178125000
1 225
1 175
1 13400
1 34765625
1 22750000
3 111875
2 77734375
0 1
1 12400
1 907018240
1 16480
1 315000
1 7250
0 1
3 12812500
1 71875
1 62720
1 225
11 371875
1 275
1 18600
1 33400
0 1
1 4375
1 65
11 1859375
1 1590000
1 2312500
3 51250000
1 531250
1 106250
1 285
1 3218750
3 111250000
1 183593750
9 422500000
1 231250
0 1
3 69531250
1 3
1 280
3 96640000
1 6455296
1 295000
1 35546875
1 1468750
1 350
1 2968750
1 48250000
0 1
1 45760
0 1
1 72500
3 52400000
1 1576
1 6375
1 4275200
1 77600000
1 9
0 1
3 155
1 107812500
1 2520
1 152
1 88
1 2672
1 535000000
1 31680
1 3
0 1
1 55
0 1
7 3900
1 89843750
1 692
3 1145600
0 1
1 1387500
1 450
1 23625
1 1975000
1 5668864
1 9875000
1 2750
6 4525
1 387072000
1 9250
1 8906250
1 7
1 382
1 35
0 1
7 488960
1 2470400
1 18359375
1 21875
1 18
1 210
1 18500
1 152320
0 1
1 3250
3 12352000
1 4750
1 21875
11 30464
1 618750
7 975
1 43500
2 121
1 610
1 294921875
1 875
1 7100
1 1620
3 60400
0 1
1 12890625
7 48046875
0 1
1 4937500
1 652000000
11 693750
1 396
1 1484375
7 558080000
1 151000
7 20156250
1 33203125
0 1
1 70
4 177
1 3687500
1 1125
1 39
1 115
1 13840
1 840
1 287500000
1 274000
0 1
1 1234375
1 39
1 22600000
11 1162500
1 140
1 1420
1 22
1 4750
1 75
1 22
1 24
1 679936
0 1
0 1
7 156
1 5408000
1 58750
1 33
1 50400
1 53125
1 9
1 24125000
1 3350
3 45250
3 981250
1 2562500
1 175
1 550
1 85
1 14453125
1 5250
1 275
0 1
1 57000
1 438400
1 35800000
0 1
9 831250
0 1
1 843750
2 440625
1 530000
1 3250
0 1
3 935000000
1 35
1 7
1 8560
1 1496
1 21250
1 200704
0 1
2 67578125
1 1650
1 23625
1 27400
1 5792
1 361328125
1 44500000
1 118750
3 98816
1 3225000
1 14453125
1 38080
1 70
1 55
1 113125000
7 228589568
1 15
1 370688
1 157500
1 442500000
1 22
1 5250
1 240625000
1 215625000
3 845000000
1 57812500
1 27656250
1 947265625
1 393750
1 4880
1 12625000
1 275
1 12
1 220
1 1125
1 930000
1 175
1 1203125
1 23296000
1 55625000
1 18437500
1 42
1 985000000
1 6280
1 6500
0 1
1 10600
1 21757952
5 759169024
1 38250000
1 260
1 2578125
1 2272
11 15375
1 42800
1 375
1 9
1 432500000
1 143200000
1 31360
1 12
1 14218750
1 1765625
1 64453125
1 796875
1 71168
0 1
0 1
0 1
1 320312500
11 216796875
1 9152000
1 89843750
1 118
1 10625
0 1
1 12096000
1 350
1 6
7 1462500
9 55360000
1 12400
1 3507200
1 722656250
7 5650
1 407500000
3 9875000
11 18600
1 75500
1 21875
7 113600
1 263671875
1 1430000
1 91500000
1 35
1 78
1 26
0 1
1 1832960
1 14765625
1 100864000
11 222
0 1
1 37400
1 9250
1 6
11 888
1 48
3 410
1 170
1 225
1 2453125
1 7616
1 225
1 24
1 38125
1 52
11 744
1 3860
1 5625
1 290
1 19
1 146250
1 76288
1 1175
3 5080000
1 106
1 7
2 515
1 2750
1 4850
1 21000
1 26
1 970
1 129600
1 364000
0 1
1 575000000
1 3375
1 3775000
1 35
1 2350000
1 88
1 2750
1 860
0 1
1 270
7 521666560
9 3325
3 251562500
1 15
1 168750
1 2968750
1 1240
1 620800
1 10750000
1 1421875
1 254720
1 103515625
1 81875
0 1
3 163750000
0 1
1 494080
1 869140625
1 5625
1 13125
0 1
1 29200000
1 421875
3 496
3 1737500
1 15125
0 1
1 375
0 1
1 4300
1 17250000
1 48
1 52734375
1 14687500
1 648000
1 6500
1 23125
7 18700
1 21500
7 32250000
1 11680000
1 74
1 79462400
3 1613824
8 545
1 1300
1 11875
1 1796875
1 12
1 8900000
3 775
0 1
0 1
1 66406250
1 15
1 75
1 216250000
1 17250
1 83125
1 33203125
1 30
1 248
1 2725
1 124
3 5536
1 5375000
1 718750000
11 186000
1 1175
1 910
1 12
1 8250
1 4156250
1 12400
1 18200000
1 325
1 4937500
9 10390625
1 1734375
1 162
1 7421875
1 2384
1 11680
1 1075
1 41875000
1 918750
1 27750
1 1125
1 215000
3 2864
1 490625000
1 145
1 359375000
1 23750
3 14240000
0 1
1 15
1 1734375
1 27187500
1 12560000
3 142400000
1 740
3 3460000
3 2260
1 1625
0 1
1 6500
3 71200000
1 60
1 14
1 296875
1 579200
1 30880000
0 1
1 33984375
1 107500
1 718750000
1 980
3 2480
1 118750
9 992187500
1 130
0 1
1 18
1 293273600
1 18500
11 1387500
1 59375
1 1850
1 18
1 57812500
1 17400
1 82313216
1 35
3 32031250
1 221250000
1 6480
1 365000
3 37750
1 85500000
1 550
1 2750
1 11875
1 365234375
1 33
1 898437500
1 75
1 21875
1 6953125
1 74
3 5031250
1 2100
1 112800
1 70
0 1
1 6
1 285
1 15
1 675781250
1 152500
1 472
1 2656250
1 3075
1 850
1 165625000
1 2864
1 2291200
1 1417216
1 737500000
1 17750
1 9450
1 178750
1 11375000
1 71093750
1 5234375
1 2265625
1 4275200
1 39731200
1 290
9 83125
1 23500
1 175
1 6750
1 78750
1 165625
1 10625
1 147500
1 4453125
1 15
5 169
1 6500
7 182812500
3 3475000
1 2900
1 537500
1 11714560
1 53125
3 4718750
1 4562500
7 22375000
1 230000000
1 848
3 248
2 865
1 815000
1 700448768
3 246875000
1 7100
3 427520000
1 830078125
1 2875
1 57500
0 1
1 174
1 106
2 66015625
1 996093750
1 401408
1 31680
1 35
1 15892480
3 142400000
1 2656250
1 5625
5 6048
1 156
1 5375
0 1
3 64062500
1 6
1 2650000
1 917968750
1 3560000
7 178585600
0 1
1 110
1 11562500
1 54394880
9 665000
1 5800
3 31
1 107500
1 11015625
1 46
1 1625
1 29531250
1 30
1 115000000
1 45
1 630000
1 46250
1 1416
1 2340
1 950
1 24
1 23906250
1 650
1 718750000
1 3925000
1 265625
1 220
0 1
1 58750
1 348127232
1 56
1 4250
3 2468750
1 1175
1 23
1 475
1 23125
1 515625
1 50400
1 2825000
0 1
1 58125
1 130
3 197500
1 228800
3 71200000
1 830078125
0 1
1 1175
1 6
3 7160000
1 481250000
2 545
1 10625
1 11015625
0 1
1 3
0 1
1 33382400
3 496
0 1
1 9100
1 77000
1 6650
0 1
1 1300
1 14500
3 1240
1 265000
1 58
1 128906250
1 10878976
0 1
1 331250
0 1
7 14125
1 2687500
7 975
1 29843750
1 920
1 325
3 13100000
0 1
1 88
3 83456000
1 109375
1 456250
1 269531250
1 175
1 118
1 2968750
0 1
1 49609375
1 780
1 55
1 30080
1 39
1 81875
1 55
1 31680
1 965
0 1
1 44750
2 162109375
1 344
1 705
1 47750000
1 165478400
1 575000000
1 171
3 12812500
1 58
1 421875
1 23625000
1 2950000
7 3740000
1 2448000
1 145
1 305600000
1 224609375
1 11171875
1 153125
1 15
1 24125
1 12
1 151562500
1 144531250
2 318359375
1 15
1 3460000
1 696
1 415625000
3 1662500
1 4375
1 4249600
1 144531250
1 4014080
1 206000
1 112197632
0 1
1 225
3 79
1 7400
1 1325000
1 99328000
1 30078125
1 1180
1 1580
3 6953125
3 23281250
1 126
1 15
1 18500
1 48800
3 790528
3 357171200
1 36
0 1
1 14609375
0 1
1 428125000
1 22
1 129600
1 30
1 14843750
0 1
1 24
1 449218750
1 5234375
1 83593750
1 47656250
1 43
11 930
3 310
0 1
1 1175
1 390
0 1
1 260
1 6500
1 95
3 471875
1 315
1 17
8 109
11 248437500
9 26600
1 120
1 350
0 1
0 1
0 1
11 93000
1 215
7 37400
1 40345600
11 4650
0 1
1 4192
1 2375
1 28906250
0 1
1 1462500
1 172
1 41
1 59375
7 1828125
1 14240000
3 1208000
1 3
1 347656250
1 35
1 302000
1 25781250
1 130
0 1
1 160156250
1 35
0 1
7 228515625
1 16547840
1 55
11 1860
1 17250000
1 260
1 3240
1 445000000
1 3850000
1 46
1 228125
3 5024
1 278125
1 9
1 679687500
1 1343750
3 51171875
1 1696
1 52
1 14500
7 914062500
1 3375
1 23296000
1 36
1 15680
1 9
1 17
1 20625
1 215625000
1 46500
0 1
1 192500
1 2650000
1 203750000
1 137000
0 1
1 976
1 415
1 1700
0 1
1 11953125
1 194
1 5625
1 157500
1 261718750
11 63600
1 55600
1 6272
11 555
1 875
3 1281250
0 1
1 10625
1 5437500
1 66406250
1 204000
1 19921875
1 258560
1 71168
1 7
1 35
1 10625
1 1650
1 409375
1 36
1 14843750
1 425
1 531250
1 2050
1 1950
1 662500
3 2896
1 13750
0 1
1 11875
1 435000
1 5625
1 141600
1 1030000
1 75
1 51500000
1 1050
1 72265625
1 22656250
1 192
1 70
1 36
3 120625
1 147
1 29000
1 26
1 10687500
1 72
3 496
1 76500
1 8500
1 36718750
1 2890625
1 198
1 65625
1 15468750
1 52
3 869140625
1 560
3 31093750
1 36250
1 96768
1 475
1 780
1 85
3 1975000
0 1
1 24640
1 99
1 60
7 16138240
1 421875
1 1225
1 22656
1 110400000
1 318750
1 227500000
1 31520000
0 1
1 21875
1 449218750
1 28125
7 2580
1 515625
3 3781250
1 26250
0 1
0 1
1 7
3 5562500
1 13750
0 1
1 72500
1 333984375
1 1980
1 137000
7 780
1 175
1 48500
1 50625
1 3
1 125781250
1 73437500
1 356250
2 655
1 215
1 2125
1 33203125
3 246875000
1 550
1 708
1 12960
2 193359375
1 148
1 35
1 7280000
0 1
0 1
7 95500
0 1
1 855040
7 764000
1 1343750
3 1550
1 2968750
1 109568
1 1075000
1 525
1 59375
1 10625
1 1078125
3 447500
7 2840
0 1
1 49250000
1 66406250
1 4966400
1 898437500
7 488960
1 52
2 119375
1 175
1 66406250
1 2384
1 3640
1 44531250
1 165
1 25781250
1 12
1 187000
1 987500
1 5350
7 142
1 81
1 3558400
1 130
1 28400
3 128125000
0 1
1 96
11 318000
1 165
3 310
1 118
1 28125
1 1240
0 1
1 75
1 28
0 1
1 47
5 163
1 29286400
1 2921875
1 359375
3 1975
3 197500
1 85
1 83750
1 2984375
0 1
0 1
1 1265625
1 31562500
3 49408000
0 1
1 1192
1 25088
1 292000000
7 746093750
1 10750
1 289062500
1 26500
1 48384000
1 124
1 103906250
0 1
1 7950000
3 790
3 128125000
1 6200
1 9700
0 1
1 550
7 596875
1 531250
0 1
1 16625000
1 15
1 48250
0 1
1 148
1 11062500
1 6625000
1 13437500
1 131250
1 589843750
7 95500000
1 115
0 1
1 2890625
1 1480
3 278125000
1 30
0 1
1 71168000
1 21889024
1 4850000
0 1
1 115
1 2704
0 1
1 115000
1 242500000
1 390
1 3850
3 308593750
1 59375
1 192
0 1
1 19700000
0 1
1 92500
3 127360
1 185
1 13281250
0 1
7 468
1 75
1 316
1 7400
1 3232000
1 175
1 601562500
1 1613824
1 560
1 353515625
0 1
1 2016
1 274000
1 24
1 42
2 193359375
1 4448000
1 4014080
1 6500
1 1860
1 1125
0 1
0 1
1 81000
1 144531250
1 280
1 40500
1 531250
1 26250
1 29
1 2140000
1 22
1 247808000
1 157500
1 90400
7 191000000
1 3
1 4031250
3 5125
0 1
1 10500
3 18906250
7 50390625
1 153906250
1 14
1 1952
1 34
1 475
1 228515625
1 160156250
1 1328125
1 75500000
1 31360
9 132031250
1 5390625
1 95
0 1
3 472656250
19 16900000
1 31800
1 110
1 66
1 5056
0 1
1 1696
1 36
3 6200
1 31360
1 421875
1 517578125
1 60
1 180
1 296875
1 16015625
1 18
1 734375000
1 21000
1 48
1 650
9 191488000
1 165625
1 1290
11 8671875
1 14100
1 22
1 290
1 15
1 1300
1 7
1 104320
1 453125
1 10125
1 10600
1 425
1 66400
1 58
0 1
1 47656250
1 175
1 12
1 36875000
3 16998400
1 6
9 422500000
1 390
1 35
1 365
1 120
3 66500
0 1
0 1
1 375
1 1960
1 96
1 144531250
1 691406250
1 38125
1 330
1 1220000
1 268750000
3 1550
1 175
1 2375
0 1
1 830078125
1 197000000
1 794624000
1 7421875
1 14560
0 1
1 427520
1 166015625
1 14600
0 1
1 35
1 1484375
1 2265625
1 340
1 45
1 7421875
1 2016
3 128125000
1 856
1 369140625
1 11406250
1 41750
1 205
1 6718750
1 593750
1 28125
1 13750
1 4875
1 1530000
1 3700
0 1
0 1
1 67187500
1 36500000
3 3399680
1 11875
1 195
1 15250000
1 49375
1 10625
1 14125
1 5800
1 6953125
1 10688000
3 2480
1 476562500
1 1156250
1 1986560
1 174063616
1 425
1 19500
1 6
1 168750
1 170
0 1
1 78
1 278400000
1 543948800
1 1180000
1 550
1 110
1 6796875
1 178125000
1 5625
1 21625
1 36600000
2 66875
1 30625
3 310937500
1 27840000
1 41250
1 72265625
1 56400
1 321536000
1 2125
1 4453125
1 670
1 359375
1 27656250
1 671875
0 1
1 1016000
1 2875
1 8300
1 53
1 921875
1 225
1 49408000
1 168750
1 2968750
1 26250
1 107500
1 391168000
1 784
1 1125
1 4937500
1 13125
11 2325000
0 1
1 9250
3 8187500
1 13800000
1 784
1 63000
1 260
0 1
1 3
1 2864
0 1
0 1
1 392
0 1
1 253440
1 185
1 35500
4 181
1 421875
1 9633792
1 4375
1 33750
1 811008
1 216250
1 191250000
1 4576000
0 1
1 1475000
1 42752000
0 1
1 105
1 8700
1 83
1 10875000
1 177500
1 23360
1 47250
1 18
1 2225
1 365000000
0 1
1 44921875
1 175
0 1
1 13281250
0 1
1 2968750
0 1
7 7100
1 310
1 2687500
0 1
1 4050
1 181000000
1 3
3 1240
0 1
1 219200
1 1525000
1 11875
1 13
1 212480
1 3625
1 53125
1 101250
1 49062500
1 205
1 11337728
0 1
1 2968750
1 12
1 225
1 734375000
1 514457600
1 70144
0 1
1 47265625
1 38
1 27187500
1 7187500
7 17750
1 30
1 268750
0 1
1 650
1 890000000
7 3900
5 524
1 1300
1 58750000
1 18906250
1 117600
1 843750
1 53
1 350720000
9 15920
0 1
0 1
3 155
1 59375
1 175
1 131250
1 14375
1 805000000
1 831250
1 3375
5 417333248
1 289062500
1 25088
1 14375
1 496
1 231250
7 1775
0 1
1 75
0 1
1 4375
1 396875
7 146250000
3 478720000
1 1622016
3 123125
1 75
1 12890625
1 6
1 13281250
3 2060000
1 30
1 155
1 1940000
1 898437500
1 73125
1 36875
1 30
1 9
1 33203125
1 85
1 1125
1 3050
1 220
1 21875
3 3665920
1 953125
1 2625
0 1
1 11750000
1 14480
0 1
1 175
3 7900
3 89000000
0 1
3 3100
1 1208000
1 2968750
1 131250
1 35
1 22125
1 1740
9 957440000
1 475
0 1
1 1450
1 66250000
1 745000
0 1
1 75
1 17250
7 195
1 480468750
1 144531250
1 5390625
3 50432
0 1
1 60312500
11 74375
1 192
1 325
0 1
1 1480
0 1
1 1696
1 13041664
5 181
11 5550
1 9
1 65
1 7
7 4875
0 1
1 3359375
1 325
1 1288000
3 493750
1 13840000
1 52
0 1
1 1107200
1 42250000
1 3960
1 780
1 89062500
1 3250
1 7400
1 374000000
1 2150000
0 1
1 18
0 1
0 1
1 48384000
1 316
11 13041664
1 157500
1 19
1 870
3 988160
0 1
5 379584512
1 7
1 578125
1 132500
7 1950
1 14100
1 270312500
1 4050
0 1
1 53125
1 13750
1 620
1 1208
1 1475000
3 3100
1 2656250
1 118750
1 531250
1 1160
1 20200
1 275
1 240625
1 31
1 11
1 1192
1 52400
1 62
1 29
1 578125
1 25920
1 252000
1 54296875
1 1581056
1 21
1 169984
1 267200000
1 5603328
1 14250
1 364
1 3
1 71875
1 22720
1 25500
1 3
1 734375
1 13400
1 575000000
2 865
1 6
1 3140000
1 4200
3 40250000
1 132800
1 4375
1 130859375
1 550
1 175
1 65
1 1220000
1 234240000
1 75
1 676000
1 920
1 990
1 3763200
1 52734375
1 701440
1 90
5 658505728
7 20875
3 178585600
1 692
1 3
1 3900
1 144
3 51250000
1 1232000
1 155468750
1 7014400
1 9760
1 94896128
1 777343750
1 460
1 39250000
1 192
1 59375
1 630
0 1
1 69531250
3 2225
3 90500
1 75
1 35
1 2890625
11 1987500
1 354000000
1 72500
1 155
1 11125000
1 593750
1 44921875
1 650
1 10625
1 275
1 425
1 3
1 177920
1 695312500
1 22812500
1 35600000
7 2840000
1 3150000
3 1448
1 875
1 170
1 1950
1 115
7 71
1 375
1 10625
1 470000
3 39500
1 1375
1 126720
0 1
1 15400
1 269531250
1 124
1 359375000
7 355000
1 2203125
1 30312500
1 16300000
0 1
1 54500
1 875
1 3136
1 55
1 57812500
1 16056320
1 515000
1 45
1 1220000
1 325
1 15257600
1 650
1 593750
1 283200000
1 65
1 165625000
1 285937500
1 2150000
1 1375
1 1625
1 1950
0 1
1 49375000
0 1
1 15
0 1
1 48
1 12343750
0 1
1 788
1 48
1 39375
1 36
3 96500
6 3025
1 58
0 1
1 382000
1 52343750
1 11015625
11 7950
1 146875
1 470000
1 65
1 402500000
1 575000000
1 535000
1 21562500
1 124
1 9125
1 294000
3 248
7 32276480
1 3399680
1 244800
5 5856
0 1
1 587500
1 15680
1 55
1 1484375
1 61200
1 2750
1 115234375
0 1
1 47265625
1 54720000
1 890000000
1 8768
1 3180
1 269531250
3 3203125
1 4750
1 15
1 379584512
1 475
1 2656250
1 569344000
1 1960
1 248750
3 205
7 119375
1 8187500
1 13
1 225600
1 35
1 185
1 1125
1 6200
1 88
1 182
0 1
1 40192
1 7
1 444800000
3 45200
1 1240
0 1
0 1
3 131000
1 6875
1 2890625
1 52
1 38
1 12400
1 340
0 1
1 136
1 253125
0 1
3 628906250
3 160156250
11 232500
1 3250
1 359375
1 56500000
1 81500000
11 7950
1 11392000
1 150
7 3740
1 113281250
1 3812500
1 396
1 465625000
1 105
1 13750
1 6640625
1 13750
3 724000
1 10304000
1 56640000
1 43
1 65
1 16875
1 83984375
1 89000000
1 2224000
0 1
1 17800000
1 192
1 7734375
1 89
0 1
1 22
7 955000
1 748
2 2546875
11 3075
1 48
0 1
1 275
1 890625000
1 825
1 2875
1 92500
3 1270000
1 4812500
1 2100
1 11
1 325
1 153
1 23593750
1 41
1 4625
1 108544
1 4288
0 1
1 968000000
3 26200000
1 1384000
1 48500000
1 115
0 1
3 3227648
1 1300
1 33
1 147
3 1580
1 73750
1 115000000
6 123125
1 525
1 35
1 115
1 1020
1 118750
1 292000000
0 1
1 459375
1 35
1 1350
1 282500
1 5625
1 26
1 3
1 21875
1 11750000
1 95500000
1 1484375
3 48320
1 215
1 192
3 142400000
1 11125000
0 1
1 33996800
1 2562500
3 483200
7 1810000
1 1375
1 5880
1 21
1 660
1 260
1 175
1 2875
1 780
1 22200
3 684032000
1 47750000
1 46
1 245
1 610000000
1 8875
0 1
1 11400
0 1
1 477500
1 86
1 11125000
1 3296
1 111328125
1 337890625
1 259765625
1 166015625
1 60
1 224609375
1 618750
1 111250000
3 6406250
1 135
1 695312500
1 45824
1 285736960
1 13046875
1 7
1 75
3 104333312
1 3203125
1 44531250
1 700
3 775
3 3475000
1 394531250
7 1950
1 357171200
0 1
1 36
3 775
1 875
1 184375
1 1402880
1 1068750
1 26250
0 1
1 1906250
1 115000000
1 12600
1 1490000
1 18500
1 714342400
1 700
1 144531250
1 22912000
1 48
1 4375
1 26250
1 284375
1 38250000
1 46250
1 48
1 41920
0 1
1 41
1 875
1 67187500
1 60156250
4 187
1 550
1 242500000
3 178000000
3 37250000
1 95312500
1 35
3 199
3 640625000
0 1
1 278000
1 12320
7 44375
1 359375
1 122000
1 2287500
0 1
1 35500
1 140
1 1300
3 1550
1 21250
1 762500
1 425
1 3700
1 15
1 37
2 187
1 21250
3 103906250
1 2125
1 143750000
1 284375
1 2920000
0 1
1 53000
1 7120000
1 1384000
1 38720000
3 48320
1 35
1 302
1 70041600
0 1
1 89843750
1 76
0 1
1 791015625
1 430
1 60
1 21500
1 171000000
1 425781250
1 86
1 1260000
1 618750
7 1870
1 11750000
1 2312500
0 1
0 1
1 759169024
1 8812500
1 220
1 114
7 19500
0 1
0 1
3 80078125
1 628000000
0 1
1 5668864
1 27840000
9 31750000
1 30
1 1550
1 16998400
1 308800000
3 65200000
1 67000
1 90625
1 800781250
1 24250000
1 48400000
1 65625
1 58125
1 15
1 1343750
1 421875
1 7968750
1 2425
1 21920
0 1
1 888671875
1 1625
1 1654784
1 105
1 496
1 1100
3 12875000
1 828125000
1 73750
1 110
1 75
0 1
1 200704
0 1
1 2968750
1 49
1 275
1 1275
0 1
1 52
1 10625
3 256250
1 293750
1 45760
1 7400
1 13750
7 195
1 2890625
1 55078125
0 1
1 75264
0 1
0 1
3 258211840
1 1107200
1 1468750
1 1432000
1 95
0 1
1 6875
1 175
1 4375
3 6200
1 2750
3 201171875
1 2312500
0 1
1 113125
1 265625
1 11562500
1 23
7 7100
1 634388480
3 3100
1 10500
1 875
3 2480
0 1
1 6103040
1 9
1 395
1 215000
1 15
0 1
1 4750
1 21875
0 1
0 1
1 22080000
1 6300
0 1
3 1234375
1 225
1 95
1 125440
1 802816
3 644
1 25781250
0 1
1 483200
1 359375000
1 830
1 175
1 13
4 3275
1 269531250
1 940
1 26800
1 3244032
1 3
1 36
1 41875000
1 164626432
1 875
1 175
1 252
1 92
1 22
1 21875
1 143750000
0 1
1 192
1 280
1 2531250
1 2312500
1 481250000
1 95
3 12400
1 4896000
1 35
1 160156250
1 7
1 2531250
0 1
0 1
1 587500
3 238400000
1 4375
0 1
1 8984375
1 6
3 1281250
0 1
1 2125
1 3671875
1 60156250
1 22
1 33
1 2921875
1 13680640
1 2850
1 44
1 3359375
1 183593750
1 98750
1 96
1 9750
1 910000
1 231250
1 525
3 278125000
1 152500
1 449218750
1 925
1 46250
1 2375
1 288768000
0 1
1 5680
1 1907200
1 190
1 356000000
1 3
1 63
1 22656250
1 5234375
1 755000000
1 21250
0 1
1 164
0 1
1 1656250
3 3399680
1 47680
3 155
0 1
1 130
3 24125
1 24250
1 27040
1 6500
1 1484375
3 128125000
1 48
1 830078125
0 1
1 1437500
3 3968750
1 392
1 19
3 125781250
1 8110080
1 190
1 44
1 2480
1 660
7 195
1 22
1 617187500
1 950
1 25781250
0 1
1 23
1 1700
1 222400
0 1
1 178000000
1 53125
1 29400
1 2968750
1 3375
1 53120
3 815104
1 1125
1 155
1 8875
1 22
1 6
7 1570000
1 5800
1 78
1 35
1 178125000
19 16900000
0 1
1 2968750
1 175
1 190
1 48500000
1 25781250
3 135200000
1 23
1 1753600
1 182000
1 1125
1 154296875
1 875
1 1375
1 14843750
1 6
0 1
1 6875
1 3
1 21375000
1 135937500
1 414062500
1 5062500
0 1
3 124
1 783360
1 4300
1 12890625
1 796
1 1300
3 142400000
1 7875
1 210
1 289062500
1 14560000
1 20937500
1 15
0 1
1 170
1 967680
1 1125
1 265625
1 155
1 425
1 120960000
1 90625
1 1068800
3 20375000
1 926720000
1 140
1 60
3 16998400
1 2937500
11 10176
1 13
5 181
11 371875
1 12544
1 5625
0 1
3 3020
11 7440
1 364000
1 21875
1 116480000
1 462500
1 315625000
1 110
1 55
1 313344
1 324000
3 161000000
1 2416000
0 1
7 156
0 1
1 2483200
7 95500
1 9760
1 36
3 620
1 374
1 422500
1 378125
1 17
7 2015625
1 8625
1 53125
1 18500
1 335000
1 19
7 355
3 9650
1 810546875
1 28515625
1 273920
3 1368064
1 51500
1 128906250
1 275
1 53125
1 21250
1 5875
1 26
1 2448000
1 6125
1 345
3 1234375
1 6500
1 192
1 24062500
1 1484375
3 48400000
1 52734375
1 1050
1 34
0 1
0 1
1 2900
1 287500000
1 85
1 23125
1 2025
2 177
0 1
1 308593750
1 3340000
1 19921875
1 98750
1 1870
3 381440000
1 503125000
1 268750000
1 7
1 172500000
3 410
1 2225
1 4750
1 2968750
7 91406250
1 83593750
2 103
3 2781250
1 1484375
1 36250
1 75
3 161
1 15300
17 1018880
9 478720000
1 521600
1 3
3 640625
0 1
7 17700
0 1
1 148
1 1671875
1 148
0 1
1 875
1 875
1 9750
1 324
1 23500
1 24400
1 65
1 146000
1 72265625
1 21875
1 575000
1 28
0 1
1 63000
1 310
1 65
1 195
1 268750000
1 21875
3 30880
1 195
3 63242240
1 10750
3 154624000
3 124
1 118750
1 175
1 1907200
1 57812500
7 403125000
0 1
1 134375000
1 19218750
1 428800
0 1
0 1
1 1125
1 1328
0 1
1 269531250
3 248
1 9
1 91250000
1 3250
1 6
1 43000
1 222656250
3 1384000
1 568000
7 84500000
1 12400
1 1484375
1 254
3 153906250
1 11680000
1 31360
1 828125000
1 162109375
3 89
1 100352
1 91796875
1 124
1 16875
1 45250000
1 115
1 19500
1 593750
1 450
1 1328125
1 115000000
1 1490
1 280
1 8250
1 1375
3 890000000
1 496
3 644000
1 940800
1 9
1 254720
1 150
1 7
1 6312500
1 1068750
3 4832
1 43437500
3 617600
0 1
1 818750
0 1
1 185344
1 860
1 1470
1 6718750
1 4375
2 2703125
11 867187500
1 26171875
1 1300
1 30500
1 1515625
1 3625
1 2265625
1 30800000
1 18
1 2625
3 155
3 8050000
1 791015625
0 1
1 976
3 347656250
1 171250000
0 1
3 890000000
3 1062400
1 36400000
1 28
1 16056320
1 453125
1 1350
1 105
0 1
1 103
0 1
1 6
1 2244608
1 14750000
3 12400
1 38
1 75
1 60
1 296875
4 118125
1 680
1 76400000
1 12890625
3 11300
7 452500
1 1484375
1 86500
1 224395264
0 1
1 3
1 13750
1 152500
1 6112000
0 1
1 11300
1 547840
1 55600000
1 225
1 225
1 14
1 6100
3 31400
0 1
1 6875
1 1888
1 161382400
3 556250000
7 195
1 10875
1 11
1 185344
1 11
1 75
1 22265625
1 58400
1 45
1 17300000
0 1
1 60
7 292800
1 290625
1 19
1 1575
1 734375000
0 1
0 1
1 1960
1 110
1 142336
3 51250000
1 310
1 2656250
0 1
1 585728000
1 139062500
1 540625
1 421875
0 1
1 593750
1 21875
1 205
1 10625
1 5792000
1 129761280
1 794624
1 1850
0 1
1 944
1 117145600
1 734375
1 130400
1 21875
1 44375
0 1
1 18
1 156
1 54
1 2300
1 734375
1 2125
1 48125000
1 12
1 15250000
1 1592
1 280
1 574218750
1 4275200
1 2125
0 1
7 2984375
1 275
1 925
1 4375
1 12
1 26250
0 1
3 892928000
1 10500
1 375
7 284
1 44921875
1 830078125
1 175
1 73000000
1 6640625
1 204000
1 2937500
1 13125
1 23125
1 128750000
1 4240
7 1496
1 60
0 1
1 13750
0 1
1 296875
1 9350000
3 496
1 172500000
1 18
1 184375000
1 225
1 58750000
1 23750
1 640625000
1 13250000
1 4375
1 36400
1 22
1 65
1 2150
1 53125
1 428125000
1 986328125
1 14560
1 210
1 1484375
1 110
5 11712
1 340
1 15875000
0 1
1 75
1 145
1 204000
1 296875
1 2625
1 432500
1 278125000
1 421875
1 537500
1 9
0 1
3 41
1 465000
23 30750000
1 7890625
1 3
1 29200000
1 338
3 5693440
1 206250
1 27197440
1 90625
1 2265625
1 287500
1 706250000
0 1
1 577536000
1 806912
1 435159040
1 16625
1 1662500
1 1050
1 128125000
11 46484375
1 275
1 42
1 246875000
1 102000
1 2120
1 550
1 996093750
1 89000000
1 278400000
1 740
3 6550000
1 359375000
1 6640
1 35
1 259375
1 258
1 75625
1 65
1 15
1 318750
1 70
1 35
0 1
1 28
3 62
7 7100
1 115
1 37750
0 1
1 425
1 206250
1 220
1 6640
1 235000
1 1300
1 130
1 44921875
1 138
1 39375
1 210
1 116800
0 1
1 6375
1 740
1 10750
7 568
1 1568
1 398
1 310
1 870
1 396
7 191000
1 24
7 19100
3 2237500
1 2125
1 271875
1 175
1 35500
1 1625
1 950
1 1240
1 9
1 47000
1 95
1 26560
1 3425000
1 3350
1 1143750
1 192
1 1515625
1 106
1 1650
3 128125000
1 5781250
3 3950
9 1662500
1 70
1 53440000
1 26171875
1 90400000
11 290625
1 106250
1 75
1 650
1 26953125
1 142
1 23125
1 151
1 4531250
1 425
1 21875
1 1176000
1 248320000
1 612
1 139
0 1
1 706250
1 17
3 5480000
1 96
4 77734375
1 8250
1 112
1 36500
1 8875
3 62
3 30515200
1 12890625
1 72265625
1 19500
1 85600000
1 160156250
1 788000
3 79375
1 327500
1 3700
1 140
1 95312500
1 30750000
1 2007040
0 1
1 20703125
1 175
1 28
1 805000000
7 2984375
1 840
1 921875
1 425
1 206250
1 17715200
9 25400000
5 834666496
1 475
1 25088
1 424960
1 110
0 1
1 2740000
1 87000000
0 1
1 108789760
1 217579520
0 1
1 26
1 9100000
1 9250
1 181250
1 12
1 699218750
7 71
1 280494080
1 13593750
1 3250
7 3056000
1 467200
1 531250
1 3
0 1
1 503125000
1 1020
3 2480
0 1
1 458984375
1 225
0 1
1 453125
0 1
1 7550
1 5687500
1 71875
1 22265625
1 283203125
1 37250000
1 31875
1 3152
0 1
1 13625000
1 1125
1 21000
1 36250
1 4125
3 30250
1 70
0 1
1 24
0 1
11 62109375
1 106250
1 385
1 59200
1 425
1 12421875
1 29375
1 16875
1 748
1 7300000
1 7125
1 147
1 11
1 159375
1 89843750
1 598400000
23 96093750
1 875
1 296875
1 205
1 4250
1 23840
3 5093750
1 18080
1 3375
1 91250
1 72400000
1 4825
0 1
1 3260000
1 34765625
0 1
4 440625
3 201171875
1 110
1 55625
1 6500
7 806250000
1 118
1 35
3 1890625
1 875
1 238281250
1 4140625
1 12720
1 906250
1 3920
3 81500000
1 3015625
3 775
1 30
3 4025000
1 23429120
1 190
0 1
1 220
1 260
1 108750000
1 456250
3 160156250
1 6625000
1 51904512
1 521875000
3 310
2 509375
1 310
2 291015625
1 33
1 24
1 309375
1 145600000
1 150
3 452
1 105
1 6
1 48800
1 96
9 992187500
0 1
1 1260
3 196083712
9 266
1 93716480
1 165
3 24687500
11 76875000
0 1
1 19875000
1 91000
1 87000000
3 357171200
1 732160000
1 195
1 232500
0 1
1 6500
1 189453125
1 679687500
1 186250
1 162109375
1 1650
1 10687500
1 4375
1 140
1 5625
1 9531250
0 1
1 453125
1 2408448
1 53600
1 19
1 332
1 112800
1 29
1 695312500
1 407500
1 225
0 1
1 408
1 135
1 11875
1 48800
1 7080000
3 248
1 413138944
1 225
1 58400000
1 54375
1 2900
1 826277888
1 110
1 53440000
1 12875
3 777343750
3 51171875
1 730000
1 36
1 3100
1 13
1 144531250
0 1
1 90500000
1 765000000
3 620
1 9760
1 66250000
1 19500
1 2150
1 177
1 1006250
1 2625
0 1
1 9218750
1 24
0 1
1 453125
1 4375
7 3550
1 175
1 890000000
1 2265625
9 103906250
1 462500
1 6640625
1 111360000
1 9932800
1 150528000
1 4750
1 2480
1 769531250
1 9750
1 11714560
1 155200000
1 15
1 1480
1 12910592
1 64880640
1 55
1 403125000
1 4014080
1 128125
1 2900
1 144
1 12
3 644000
1 345
1 28750
1 1212500
1 23750
1 1544
1 13750
1 3
1 2362500
1 3250
1 1687500
1 7421875
1 42750000
0 1
1 14560000
3 20096
1 6875
1 9408000
1 15
1 116
1 2480
1 26200000
0 1
1 827392
0 1
3 104320000
1 4531250
7 9609375
1 410
1 4375
3 943750000
1 650
1 35
1 23750
1 39500
1 2375
1 110
1 1168750
1 22
1 1870000
1 11750000
1 22144000
1 23
1 74
1 171250000
1 2950
1 72
0 1
1 794624000
1 9267200
1 2448000
1 976
3 62
1 260
1 45
1 72
0 1
1 2968750
1 15
1 29120000
1 700
0 1
1 1125
1 14750
1 7421875
1 165
1 23500
0 1
1 35
1 180
1 47
1 525
0 1
1 290
1 36500
7 39
1 11712000
1 875
1 236000
1 160156250
0 1
1 24
7 3820000
2 655
3 7160
11 62109375
3 824320
1 550
1 2656250
1 20781250
1 14250
1 606250000
7 80625
0 1
1 1725
0 1
1 4609375
1 43125
1 2109375
0 1
1 48
1 377500
1 11875
1 339968
1 64400000
1 6
3 289600
0 1
0 1
1 11
1 1850
0 1
1 197500
0 1
1 620
1 2750
1 1690
1 356250
1 66250000
1 275
1 70
1 505
3 12125
1 23125
0 1
1 18080
3 2620000
1 478515625
3 124
0 1
1 818750000
1 6208000
3 25625000
1 3
1 545000000
0 1
11 1162500
1 49
1 28750
1 8875
1 4200
1 708
1 23046875
1 2125
1 13828125
1 14843750
1 34600
0 1
1 43515904
3 4937500
1 52
1 252
1 449218750
1 18
1 875
1 2375
1 6200
1 247808000
1 21250
0 1
1 44921875
1 375
1 525
1 2050
1 10688
1 1475000
1 28500
1 22656
1 39843750
1 287500000
1 120625000
0 1
1 280
1 90625
1 11625
3 1990
1 89843750
0 1
1 368750000
1 175
1 1546875
2 76953125
1 7400
1 77440000
1 2109375
1 650
0 1
1 86
3 54800000
1 66406250
1 35625
0 1
0 1
1 85
0 1
1 370688
1 268750000
1 3850
7 47750
1 11562500
1 108789760
1 3425000
1 462028800
1 2020
1 12240000
1 210
1 57920000
1 1048000
1 9312500
9 382976000
1 2075
1 292500000
1 4375
2 76953125
1 176250
1 184
1 95703125
1 228125
1 115
1 13280
1 11328000
1 792
1 490
1 366080
1 206250
1 2012500
1 292500000
1 228750
1 30
1 14500
1 890625
1 1180
1 7250
1 7550000
3 64400000
1 3671875
0 1
1 115000000
1 75
1 48
1 2375
7 156
1 20500
0 1
7 5160
1 106000
1 10176
1 64453125
1 620
11 993750
1 207031250
1 148
1 650
1 468582400
1 810546875
1 72500
1 1888
1 3900
1 61718750
1 907018240
1 361328125
0 1
7 9140625
3 1580
1 122
1 177734375
0 1
1 118750
1 66406250
1 364
1 55
0 1
3 327500
1 372
1 44500000
1 2968750
1 64552960
1 120312500
0 1
1 296
1 56
1 125440
1 2890625
1 25625
1 970
1 148
1 21875
1 275
7 780
1 125440
1 69600000
1 96
3 628906250
1 1300
1 182
1 640625000
1 310400000
1 7250
1 71875
1 496
1 4140625
1 54
0 1
1 12600
3 32604160
1 1940000
0 1
0 1
1 168750
1 1425000
0 1
1 129
1 1046875
1 425
1 390
1 806250
3 8312500
1 3178496
1 4375
1 75
1 26
1 36659200
1 1620000
3 10480000
7 9750
1 366080
1 278000
0 1
1 148
1 90
1 195
1 2100
1 593750
7 926720
1 16875
0 1
1 248
1 260
1 86
1 2875
1 106240
1 1625
3 1240
1 2125
1 4750
7 468
1 280
0 1
3 12400
1 48400000
1 7250
1 320312500
1 212
11 14921875
0 1
1 30240000
1 3
7 926720
1 172500000
1 47200
1 109375
0 1
1 458984375
1 375
3 75500
1 190625000
1 35061760
1 3
1 18359375
1 15
1 13750
1 2750
11 59500
1 11
1 115000000
1 2834432
1 679936
1 3
1 53
7 1496
3 1550
1 66406250
1 7080
1 113281250
1 126
3 69500000
1 123200
11 248437500
3 3218750
1 175
1 465
1 106
1 55
1 950
1 925696000
1 48
7 44375
1 640625
7 4675
1 278
7 28400
1 23125
1 85
1 71000
1 75
1 197265625
1 3
0 1
1 2384000
1 4875
1 2968750
1 179687500
1 278400000
1 4125
1 181250
3 3100
3 51520000
1 72265625
1 199218750
1 67187500
1 1425
1 115000000
1 110
1 89843750
3 775
1 227500
1 25344
1 1125
1 26250
1 56
1 525
1 4880
1 9
1 53500
1 679687500
1 59
1 930000
1 4937500
1 175
1 81000000
1 516423680
1 906250
1 23125
1 260
1 875
11 58125
1 88
1 44531250
3 193280000
1 128750000
1 1081250
1 9676800
1 24250
1 6
1 167500000
1 950
1 3152
1 296875
1 74609375
1 218000000
1 840
1 12
1 24
3 31
1 460937500
1 315625
1 685
1 6272
1 2475
1 810
1 287500000
1 382
1 17
1 1484375
1 13750
1 476562500
1 10750000
7 191000000
1 106250
1 2578125
3 12343750
1 305
1 953125000
1 6650
1 83
1 1050
1 6
1 179687500
1 20625
0 1
1 3100
1 129600
1 186000
1 3309568
3 712000000
3 11125000
1 42
3 5650
1 296875
1 3250
1 150390625
1 75600
1 6500
0 1
1 14750000
1 140
1 767557632
1 117500
3 824000
1 1075000
1 283203125
0 1
1 36250
1 14320000
1 3625
0 1
1 2890625
1 57920
1 107200
1 840
1 959447040
1 15
0 1
1 331250000
1 134000
1 16625
1 620800
1 17
1 7116800
0 1
7 1950
1 262000000
1 950
1 718750
1 3150000
1 1416000
1 22
0 1
1 175112192
1 38080
1 1450
1 12880000
1 453125
0 1
1 11875
1 15
1 593750
1 17152
3 25625000
0 1
0 1
1 4375
1 3
1 21875
1 9
1 4850
1 47600
1 966796875
1 1425
1 1368
1 537500
1 240625000
5 338
1 4375
1 75
1 147500
1 20625
1 596000000
1 362000
1 4375
3 321875000
1 825
1 13750
1 36
7 560332800
1 3780
1 4750
1 31500
1 35
1 525
1 68
1 33125
7 1420
7 403456000
1 9125
1 138400000
1 11406250
1 46720
1 11875
1 224609375
11 17343750
1 9875000
3 178000000
1 38
1 1050
1 55
0 1
1 115625
1 452500000
1 3250
0 1
1 34
1 5560000
1 1208
1 60
1 15440000
1 14480000
1 12600
1 11
1 75625000
1 4375
7 1853440
1 13750
1 5043200
1 18500
1 3350
1 734375000
1 525
4 187
1 359375000
1 7
3 37250000
0 1
1 59200
1 14
1 368750
1 84500
1 1260
0 1
1 1710
1 35
0 1
1 296875
1 3984375
3 31
1 4034560
1 1590
1 65
0 1
1 27680
1 9792000
6 98125
1 15800
1 77200000
3 119680000
0 1
1 38
1 11875
1 49
0 1
3 6200
0 1
1 287500000
1 18
1 5439488
1 780
1 16625
1 118750
0 1
1 67000
1 370
0 1
1 321875000
1 509440
1 30880
0 1
1 275
4 23625
3 24875
3 155
1 151562500
3 3425000
0 1
0 1
1 66406250
7 23375
1 75
1 6500
0 1
1 8250
0 1
1 135
1 199218750
1 265625
1 8900000
1 430
1 6937500
1 26875
0 1
1 590
7 191000
1 449218750
0 1
1 25088
1 25781250
3 10304000
1 72
1 48
0 1
1 296
3 127360
3 640625
1 780
1 35
1 43840000
1 28
1 1210
1 220
1 1850
1 110
3 402500000
1 287500000
3 46562500
1 7375
0 1
1 38500
1 595703125
1 13281250
3 1550
1 19
7 11312500
3 155
3 128125
1 3
1 1987500
1 45
1 5250
1 22656250
9 99218750
1 4825
1 144
1 4531250
1 1175
1 85
1 206250
1 2375
1 77343750
1 62720
1 59200
1 245
1 21
1 636718750
0 1
0 1
1 52
1 225
0 1
0 1
1 28125
0 1
1 144
1 28
1 11562500
1 86875
1 898437500
1 35
1 8906250
1 23
3 64062500
3 155
1 204687500
1 493750
1 467200
1 353125
1 5250
1 23125
1 52
1 4875
1 278000000
1 58750
0 1
1 1325000
1 14
0 1
1 2890625
0 1
1 11562500
1 15
1 36500000
1 225
1 130
11 7950000
0 1
3 775
1 427500000
1 748
7 195
13 3088
0 1
1 2480
3 178000000
1 62
1 75
1 4453125
1 121000000
11 7640000
0 1
1 550
1 2650
1 14453125
1 15
1 732000000
3 1962500
1 22656250
1 10625
1 22265625
1 26875
1 275
3 12437500
1 207031250
1 16200000
3 41
11 86718750
1 4406250
1 175104000
1 680
1 1225
1 875
1 217579520
1 935000000
1 569344
1 35
1 1031250
1 385
1 325
1 1456
0 1
1 425
1 231250
1 445
0 1
1 1004800
1 248
1 2850
0 1
1 3920
1 596875000
1 1850
1 83750
1 12
1 2750
1 260
1 4512
1 405504
3 262000
3 29800000
1 56640625
1 875
1 712000000
1 28125
7 195
1 110
1 65625
0 1
1 2384
1 45760000
0 1
1 83984375
1 71600000
0 1
0 1
9 15875
7 11360
1 75
1 26560
1 9
1 410
9 330078125
7 585
3 326000000
1 6500
7 292800
1 10625
3 31
1 875
1 280576000
23 96093750
1 38200
1 3450
1 30800
1 27197440
3 152576000
3 102343750
7 5984
3 62
0 1
0 1
1 29
0 1
1 156
1 1725
1 285000
1 2125
0 1
1 7421875
1 235000
3 3100
11 260833280
1 128125000
0 1
0 1
1 3700
1 211250000
3 308593750
3 556250000
3 640625
12 77734375
1 445
7 457031250
1 1375
1 46250
1 143750000
1 10859375
1 22265625
1 378
1 38
0 1
1 35
3 6200
1 428000
1 667648
1 745000000
1 419921875
1 235000
0 1
1 2140625
1 1300
1 94000
1 48
1 48500000
1 890625000
0 1
1 12750
3 2480
1 175
1 925
0 1
1 7625000
1 1046875
1 2120
1 36718750
1 7
1 7343750
1 435159040
1 488
1 28250
1 122
1 15
1 164626432
1 2093750
3 4100
1 109375
1 181248
1 1180
0 1
1 26200
1 21875
0 1
3 3775000
1 33500
1 4375
1 710937500
1 60211200
3 6455296
1 101376
3 790528000
1 190
1 2520
0 1
1 3900
7 780
3 620
1 242500000
1 30500
7 132031250
1 40234375
7 3900
1 31360
1 36
1 2968750
1 75
1 269531250
1 950
0 1
1 15
1 172
1 795
0 1
1 61328125
1 17800000
0 1
1 734375000
1 716
1 133
1 5625
1 15800
0 1
1 21875
1 3480
1 950
1 23125
1 445000000
1 182
1 906250
1 49
1 620
1 65
1 9625
1 100625000
1 8984375
1 1950
7 764000000
0 1
1 2843750
1 296
1 8250
1 2109375
1 38500
1 21875
0 1
7 376953125
1 287500000
1 376953125
1 165
1 953125000
0 1
1 4531250
1 540800
1 23750
1 6520
1 35
1 570
3 2060800
1 14687500
1 25625
1 4781250
1 138
1 136800000
1 13750
1 66796875
1 48800
1 2890625
1 142578125
1 3
1 13750
7 233750
1 3250
0 1
1 898437500
1 273920
1 154000
1 1437500
1 20937500
7 71000
3 6200
1 3850000
1 108750000
0 1
1 11
1 263671875
1 258211840
1 18688
1 16302080
1 15
1 11328125
3 775
1 260
1 4125
1 850
1 7120000
1 2265625
1 11
0 1
1 21875
0 1
1 7
3 11125000
1 361328125
1 28200
3 248
1 34500000
1 65
1 4950
3 79375
1 15
1 46858240
3 16300000
11 6360
1 10437500
1 66406250
1 200704
1 20625
4 655
1 113281250
1 9125000
0 1
1 157812500
0 1
1 85
0 1
1 4025
1 2225
1 115000000
1 184
0 1
1 45
1 404000
1 725
1 359375
1 42750
0 1
1 306380800
1 126080
1 86250
1 103125
3 943750
1 3250
1 2675000
1 114375000
1 53125
1 166015625
1 43
1 185
3 294921875
1 4875
1 246400
1 15
1 326
1 98
1 41
1 102
0 1
1 1625
1 30
1 1290
1 64453125
1 1940000
7 975
0 1
1 4609375
1 1328
7 422500000
3 620
1 38
1 13360
1 70
4 19125
1 675
1 26
1 2265625
2 65234375
1 62720
1 70
1 1906250
0 1
1 72
1 2864
0 1
1 5625
1 734375
1 4375
1 725
0 1
0 1
1 369140625
1 293750
7 50390625
3 25750000
1 30800
1 4812500
1 1910
9 2078125
1 27600000
1 43264
1 1448000
7 7080
1 37250000
1 306380800
1 7
1 615625000
1 49609375
1 248437500
1 18
1 15250
1 453125
0 1
1 7
1 650
1 1206250
1 1220
1 741376000
1 5875
9 63680
1 581250
1 3560000
1 102891520
1 68500
1 19
1 787500
2 571875
1 4875
1 75
1 5875
1 79462400
7 96093750
1 4750
0 1
7 4875
1 556640625
1 2265625
1 25781250
9 83125
1 6
1 196
1 230000000
1 5150000
1 55
0 1
3 2225
1 140
1 115000000
7 48896
1 2578125
1 375
1 126000
11 3260416
1 115000000
1 4140625
2 22375
1 1075
1 12200
0 1
3 496093750
1 2375
1 670000
1 43125
1 15680
9 6680
1 979200
1 575000000
1 220
1 1256000
1 33203125
0 1
1 24625000
1 898437500
1 171200000
1 73437500
1 3140
1 375
1 5696000
1 26171875
1 2921875
1 320312500
0 1
1 142968750
1 3420
7 47750000
1 3250
0 1
1 2968750
1 10688
1 396875
1 241250
1 9
0 1
3 504320
1 248
1 15
1 105
7 780
1 620
1 69921875
1 99
1 217579520
1 888671875
1 18
0 1
1 1048
0 1
1 134375
1 906250
1 206848
7 285736960
1 498046875
1 553125
1 718750000
1 25920
1 35
3 151
1 30515200
1 60
2 745
1 42
1 6500
1 550
1 13750
1 3024000
1 730000000
1 25781250
1 154
1 8850
1 2890625
1 175
2 13828125
1 143
1 72500
1 293750000
1 48
1 22
5 5408
3 620
1 425
1 26250
1 695312500
3 4475
1 62
1 5439488
3 89000000
7 284000
1 27392
1 260
1 2350000
0 1
1 7320
0 1
1 3050
1 2175000
1 465
1 787500
0 1
1 31750000
1 800781250
1 6812500
1 63000
1 11680000
1 15468750
1 46336000
1 593750
7 1290000
1 843750
1 8500
1 6112
7 697600000
1 225
1 5824000
1 300781250
1 19
1 56
0 1
1 993280
1 89843750
1 6750
3 104320000
3 4906250
9 158750
1 28467200
1 60
1 701440
1 3
1 613281250
1 3850
0 1
1 943750000
1 481250000
1 1420
1 6500
1 13750
1 75
1 89000000
1 8500
1 29120000
1 169000
1 17875000
1 6125
1 82313216
1 424
1 85
1 82400
1 32421875
1 359375
1 280166400
1 4531250
1 22343750
1 2025
9 603125
0 1
1 289062500
1 3100
0 1
1 145000
1 310
1 106250
1 12720
1 467200
1 166015625
1 990
1 295000
1 12910592
1 1328125
1 1675000
0 1
1 550
1 48
1 2375
1 348127232
1 9062400
1 1525
1 270
1 260
1 147500000
1 268750000
1 531250
1 2921875
1 250880
1 111718750
1 3250
1 35
1 359375000
1 10625
1 5781250
1 24
1 59375
1 37890625
3 151000000
1 11875
1 680
1 425
1 1253376
1 1300
1 187392
1 2360
1 2480
1 2100
1 21757952
1 166015625
1 30500
1 141721600
1 43
7 4875
1 478515625
1 35020800
1 30
0 1
1 288768000
1 245
1 18700
7 238750000
0 1
1 610000
9 665
1 77734375
1 91000
1 850
1 369140625
1 14900000
1 310
1 104
1 13700
1 12890625
1 70
1 395
9 31750000
1 38
1 9750
1 675
1 9760
1 225
0 1
1 3828125
1 11125000
1 90625
1 4593750
1 906250
1 118125000
1 275390625
3 31
11 834666496
1 216250000
1 75
1 4250
1 5150
0 1
0 1
1 12976128
1 690
7 80625
1 8576
1 2520
1 6550
1 31784960
1 3420
1 9100000
5 379584512
0 1
3 19750
1 278400000
1 472
0 1
1 36
1 7421875
1 4375
1 15
3 935000000
3 4832
1 91250000
1 5800
1 113600
3 310
1 458984375
1 21
1 286400000
1 113125
3 16375000
11 744
1 6
1 5625
1 11875
1 2288000
1 31360
1 1260
1 116480000
1 61000
1 2312500
0 1
1 2736128
1 33
0 1
1 11328125
1 39843750
3 1550
1 3687500
2 119375
1 12
1 105
0 1
1 446464000
1 38
1 9
1 14453125
1 730
1 31
1 25625000
1 27
1 322
1 53125
1 46
1 1138688
1 45
1 28125
1 545000
0 1
3 4075520
1 19500
3 314453125
1 1204224
1 18359375
1 204000
1 1300
1 225
1 100352
1 7375000
1 126
1 375
1 88
1 24
1 550
1 310
1 88576
1 14200
3 128125000
0 1
1 6500
1 60
1 225
1 204687500
1 162000000
0 1
1 135987200
1 169000
0 1
0 1
1 6200
1 124
1 3560000
0 1
1 1825
1 8857600
1 4725000
1 35
0 1
1 85
3 19900
1 4375
1 11562500
9 31750
1 15
1 3162112
1 831250
1 145600000
9 39687500
1 2850
1 126000
1 235
7 596875
1 4450000
1 1796875
1 13598720
1 2375
3 248
1 1340000
1 7014400
1 59375
1 18
1 2050
1 1325000
1 9125000
1 58400
4 23375
1 4453125
1 452000000
0 1
1 880
3 53440
3 15390625
7 955000
1 28049408
0 1
3 3020
1 356250
3 3220
1 66
1 24250
1 142
3 12578125
1 6
1 462500
1 325
3 19300000
1 30800
1 1460000
2 3475
1 28125
1 18200000
1 4750
0 1
0 1
1 30
1 175
3 478720000
1 470000
1 344
1 23750
1 5480
1 14843750
7 149600
1 23
3 2780000
1 96
1 19300000
1 1050
1 250880
1 124
1 3828125
2 326171875
1 45
1 103125
1 2805760
1 305000
3 15800
1 246875
1 60625
1 1975000
1 34250000
1 1950
1 7312500
1 4966400
1 148
1 5300
1 150390625
1 26875
0 1
1 906250
0 1
1 617600000
1 361328125
1 684800000
1 446875
1 162816
1 230000000
1 7
1 3350000
1 6640625
3 169000000
1 47
1 2750
7 3900
1 3104000
2 22625
1 12343750
3 556250000
1 182812500
1 775
1 24625000
1 275
1 1390
1 2620
0 1
1 685
1 2340
1 3562500
0 1
1 15250000
0 1
1 147500000
1 192
1 876800
7 25216000
9 83125000
1 115
3 16625
1 36875
1 7421875
1 12
1 475
1 209375
1 128125000
1 115000000
11 9296875
1 3100
1 7760000
1 9850000
11 2544
1 975
1 175
1 898437500
1 166015625
1 3593750
1 120
3 205
1 22375000
1 5375
11 93000
1 70
3 69531250
1 71875
11 1488
3 25625
1 7
1 945000
1 247040000
1 15156250
1 830078125
1 35
1 310546875
11 465000
0 1
3 3100
7 4875
1 131250
3 6200
1 3640
1 10750000
1 223750
1 4375
1 3968750
1 3671875
1 396875
1 1240
1 501760
1 146250000
7 156
0 1
1 26
1 1343750
1 498046875
1 4375
1 1241600
1 100864000
0 1
1 359375000
1 21875
1 15
1 2406250
1 13
1 566406250
1 45
1 56800
3 23281250
1 19140625
3 12400
1 2656250
1 293750000
1 2900
1 52734375
11 496875000
1 36500
1 4950
1 875
1 32421875
1 4375
1 28
1 263671875
1 2125
1 2475
1 1650
1 30
1 13
1 115000000
1 4966400
1 2578125
3 968000000
1 289600000
7 780
1 40500
1 260
3 64062500
1 168750
1 26200
1 290
3 12400
7 390
1 419921875
0 1
1 117500
1 136960000
1 85
0 1
0 1
1 165
0 1
1 23
1 14200
1 7421875
1 4375
1 2890625
1 11648000
3 154400
1 11562500
0 1
1 29500000
1 377500
1 35584
7 161250
1 1050
0 1
1 175
1 1220
1 796875
7 2015625
1 67968750
1 8250
0 1
1 22912
1 92
2 23375
1 33593750
7 292800
1 12890625
0 1
1 2360
1 107500
1 225
1 155
7 2580
3 3968750
0 1
0 1
1 275
1 225
1 792
1 56
3 160156250
9 496093750
1 2525
3 10187500
0 1
1 325
1 26
1 350720
1 7
1 2086400
0 1
3 2480
1 65
0 1
1 1232000
1 1100
1 6
1 65
1 1484375
1 1050
0 1
1 17000
3 8950000
1 144531250
1 515000000
1 35937500
1 412
1 6625000
1 33500
1 14028800
1 23101440
1 293750
1 6
1 276562500
1 135
1 650
1 6
1 17
1 5625
1 105625
1 1328
1 10878976
3 519531250
1 1300
1 29200
1 425
1 1720
0 1
1 21
3 1699840
7 78
1 69000000
1 7
11 7440
11 371875
1 16750000
0 1
1 5281250
1 588000
0 1
1 6750
1 490209280
1 231250
1 2100
1 3375
1 103515625
3 503125000
1 209375000
1 2900
1 40234375
1 36250
17 25472
1 8875
3 30880
1 8828125
1 12
1 72265625
1 1530000
1 10625
1 1110
1 9
1 18
3 12400
1 94000
1 1375
1 65625
1 458984375
1 66
1 28906250
1 123437500
1 1456
1 59
1 66500
1 437760000
1 1190
1 190
1 187000000
1 180800
1 3160
1 51875
1 140
1 66
1 140
7 3900
1 280
1 2750
0 1
1 80500000
1 776000000
1 21
1 584375
1 15
1 61718750
1 158203125
1 296
3 1975000
1 68
1 89000000
3 257600000
1 151562500
1 5375000
1 33200
1 361328125
2 114375
1 75
1 980
1 67500
1 141000000
1 17
1 105
1 2444800
1 117500
0 1
1 48
1 12080
1 29000
3 395000
1 15
1 88
1 4375
1 55
0 1
1 21500
1 12
1 8600
1 14
1 41250
1 6500
3 6650
1 367187500
0 1
3 13041664
1 2656250
1 28125
1 435159040
9 133
1 3
7 156
1 96
3 10812500
1 3808
1 89
0 1
1 650
1 690000000
1 449218750
1 56875
1 156
1 180
1 29600
1 145000
0 1
0 1
1 14900
1 6300
1 123437500
1 75
1 75
1 13281250
1 11
1 7187500
1 44
3 205
1 16768
1 875
1 128906250
1 301562500
1 366080000
1 15920
1 953125
3 447500
9 31750000
1 620
1 733184000
1 10944512
0 1
3 384765625
1 21875
1 99609375
1 595703125
1 2650000
1 12320
0 1
1 612
1 2890625
1 12
1 1050
3 89000000
1 61
1 568750
1 435159040
1 210
1 7250
1 22
1 5250
1 11875
1 166015625
1 917968750
1 1475000
1 265625
1 309657600
3 400390625
1 11875
1 421875
1 117500
1 6875
7 568000
1 21562500
3 620
1 115
0 1
1 196
1 7700000
0 1
0 1
1 4275
1 38
1 284375
1 248750
1 175
1 485000000
1 110
1 6848
1 3250
1 10300
1 2125
1 96
1 10875000
1 800781250
1 135937500
0 1
11 76160
0 1
1 12750
1 18125
3 11386880
4 15078125
1 9750
0 1
3 80500000
1 152576
1 96
1 6500
1 13625
1 2890625
1 53750
1 2109375
1 1850
1 183040000
7 8875
1 92500
1 172
1 34
1 13400
1 220
0 1
1 95703125
1 2007040
1 926720
0 1
1 565625
1 2968750
1 152
1 46250
1 173750000
1 9
1 23600
1 114062500
1 48125000
3 31
3 6350
1 5472000
1 403125000
1 1343750
1 15
1 784
1 696254464
1 367187500
0 1
1 182000
1 606250000
1 2625
1 115625
3 64062500
1 25625
1 5865472
1 531250
1 856250
1 1550
0 1
1 30625
1 21875
1 12736
1 6875
1 2125
0 1
1 110
1 7421875
7 15280000
11 38437500
1 3850000
1 10432000
1 3350
1 2820
1 575
1 21757952
1 718750000
1 1906250
1 731250000
1 165
1 47812500
1 16796875
1 171
11 49687500
1 25120000
3 44750
3 20375000
1 578125
1 84375
1 7
2 14125
1 1575000
1 3700
1 2137600
1 279296875
1 22625
1 230
1 206848000
1 175
0 1
1 1275
1 1328
0 1
1 10300000
1 197
1 325
1 11730944
0 1
11 1904000
3 872000000
3 155
1 75
1 130
1 13750
6 13515625
1 28
1 1960
1 55
1 75
1 575000
1 91796875
1 144531250
7 7640000
1 118750
1 1125
0 1
1 361328125
1 53437500
1 2275000
1 45824000
1 556640625
1 550
1 296875
1 287500000
1 5720000
1 26
1 7
0 1
0 1
1 4187500
1 29286400
1 3900
1 115
1 22250000
1 970000000
1 5125
1 26
1 390
7 73125
1 15
1 1050
1 4375
1 7400
0 1
0 1
1 2007040
1 424
3 8499200
3 83125
3 655000
1 30600
0 1
1 598400000
1 615
1 318750
1 30
1 396
1 356000000
1 628000000
1 55
1 260
1 700
1 24750
1 45
1 292000
1 4531250
0 1
1 28500
3 3399680
1 691406250
1 275
1 11337728
1 12
1 58572800
1 10720
1 225
1 61
1 780
1 296
1 43
1 48
0 1
1 38
1 152800000
1 60312500
1 8500
1 106
7 195
1 1300
3 1025
1 23125
3 1550
1 630000
1 12240000
1 659456
0 1
1 38671875
1 218890240
1 920
0 1
1 214400
1 18437500
1 575
1 4609375
1 3640
1 921875
1 181250
1 4093750
1 6875
1 21750000
0 1
1 375
0 1
1 135
0 1
1 134000
1 84
1 56
0 1
1 13840
1 36250
0 1
1 11337728
0 1
1 43437500
11 203776
1 18800
3 320312500
3 197500
1 28
1 8110080
1 160156250
0 1
1 3100
0 1
1 3725
0 1
1 601562500
1 30
0 1
1 14
1 24
2 349609375
1 9
11 119
1 33593750
1 280
1 6875
1 1136
1 6
1 830078125
1 10546875
1 321536000
0 1
1 8984375
1 12
2 98125
1 57280
1 59
1 53906250
1 14
0 1
1 52
1 2687500
1 3460
7 9550
1 308800000
3 69500000
1 230000000
3 1610
1 44
1 77
1 100625
1 16160
1 265000
1 22125
7 129000
1 6500
1 18875
1 2350000
1 19218750
1 11875
2 66015625
1 284375
1 36718750
1 17750
1 1660
3 196250
0 1
0 1
1 26
3 80500000
1 940
1 1206250
1 11328
0 1
1 2656250
1 291200000
1 2625
1 388000000
1 21875
3 52400000
3 310
0 1
1 12976128
1 145
11 2484375
1 1008
3 62187500
1 4882432
1 8875
1 965000000
1 230000000
1 1125
1 55
1 23750
1 3
1 55078125
1 15750
3 755000
1 10480000
1 9
1 181250
1 90625
1 42
1 268750000
1 452500000
1 176
1 65
1 9950
1 1779200
0 1
1 28515625
0 1
1 650
1 350
1 58
0 1
1 45500
7 95500000
1 196
1 1125
1 14
1 12
1 875
1 456250
1 48
1 28
1 57812500
3 322000000
1 65
1 950
1 81000000
1 5800
1 47656250
1 36
1 5625
1 202
1 1625
1 29
1 5250
1 510
1 28593750
1 6300
1 314
0 1
1 3359375
9 422500000
1 975
1 267200000
1 1550
1 875
1 107500
1 953125000
1 13840
1 2875
1 4850000
1 4750
1 9250
3 93716480
1 92500
1 126
1 22
1 30
1 38125
1 593750
1 2375
0 1
0 1
0 1
7 488960
1 350
1 420
1 828125
1 12240000
1 20625
0 1
1 259375
1 6875
1 196
1 498046875
1 265625
0 1
1 2578125
1 146875000
7 142
1 898437500
0 1
1 143750
1 2256000
0 1
1 91250000
1 134375000
3 160156250
1 56
3 5125
1 222
1 225
1 50390625
0 1
1 350224384
1 5840000
3 255859375
1 92
1 115625
1 540
3 278125000
1 5156250
3 1808
1 16875
1 184375000
1 296875
1 7321600
0 1
0 1
1 3375
1 1043750
1 875
1 496
1 66406250
1 130
0 1
0 1
3 528125
1 367187500
0 1
1 287500
0 1
1 64453125
1 21200
1 11360
0 1
1 26
1 94000
1 6799360
1 504320
1 248
1 1175
1 20156250
1 179
1 16900000
1 93600000
1 29000
3 478720000
5 834666496
0 1
1 45
1 280576
1 575000000
1 718750000
2 2234375
1 13250000
0 1
1 1300
1 898437500
1 85500000
1 50625
1 108544
1 19
1 6640625
1 22812500
1 3350
3 123437500
1 25088
1 708608
1 536000
1 2265625
1 290
0 1
1 7
1 875
1 175
11 95200
1 296
1 430
1 18125
1 606250000
1 48
1 3250
1 57031250
1 15
1 230000000
1 9125000
1 771484375
1 2480
1 17875000
1 12
7 611200000
1 1796875
1 207031250
1 192500
1 675
1 5824000
0 1
1 2480
0 1
1 51875
3 248
1 1488
3 3575
7 748000
1 1625
1 57812500
1 65625
1 4375
1 7014400
1 325
1 12960
1 85
1 99
1 12928000
1 950
1 225
1 15
1 36
1 20172800
1 12750
1 1980
3 724000
1 944
11 595
1 228125000
1 377500000
1 23
1 131250
1 18125
1 725
1 550
1 79
1 475
1 6120000
1 138000000
1 910000
1 1234375
1 128906250
1 131000000
1 115507200
1 3220
3 246875
3 62890625
1 179687500
1 5625
1 371875
2 3015625
1 15
3 2050
1 280
1 23429120
0 1
0 1
1 333824
1 271875000
0 1
1 18200000
0 1
1 206000
1 108789760
1 3828125
1 805000
1 44
1 67187500
1 2875000
1 12672
1 2875
7 19500
1 13750
1 1210
1 925
3 193000
0 1
3 119680000
1 43515904
1 2125
1 59375
0 1
1 16875
1 88
1 30500000
1 240234375
1 28
1 30625
3 23461888
1 19750
1 90625
3 49375000
1 35
1 722656250
1 198656000
1 650
1 19700000
0 1
3 4450
1 2968750
1 178125000
0 1
1 11
1 4375
1 156
0 1
1 16160
1 156
1 24
1 420
1 425
1 1131250
1 165625
1 14843750
1 1375
1 612
1 138000000
1 370688000
1 506250
1 55600
1 39375
1 134000
1 566406250
1 142500
1 310
3 320312500
1 49
1 5250
1 45
1 46
3 31
1 7625
1 556250
1 75
1 76
1 70
1 950
1 95
7 2272
1 105
1 59375
2 69921875
0 1
3 612761600
1 142500
1 66800000
1 22
1 21875
1 204
1 59200
1 382500000
1 135
1 278
1 1112000
1 101875
7 5984
1 33
1 164
5 1220608
1 166015625
1 56
0 1
1 5300
1 155200000
1 290
3 41
1 99328000
1 70
1 7421875
1 18100000
1 99
1 4375
1 3812500
0 1
3 6406250
1 7
0 1
1 3700
1 66
1 449218750
1 320312500
1 69500000
1 850
1 140
1 650
9 793750000
1 484000000
1 50944
0 1
1 375
1 6336
1 3
1 54375
1 30
0 1
1 162000000
1 9
1 20468750
7 76400
1 13680640
1 274000000
1 110
1 60
1 4014080
1 1625
1 925
1 17536000
1 6640625
1 59375
3 3100
1 225
0 1
1 32750000
1 67968750
1 7421875
1 18875
11 407552
3 20864000
9 3325
1 734375
3 13906250
0 1
1 52
1 44
1 581250
1 7120000
1 1616000
1 1420000
1 5875000
1 3671875
1 115000000
1 127
1 2890625
11 1904
1 21875
1 2968750
1 40750
1 3700
1 84375
0 1
1 718750000
1 33203125
0 1
3 124
1 48
1 1328125
1 225
1 7
1 138000000
1 315200
1 34750000
1 5480
1 83750
1 47265625
7 4775000
3 1580
1 161
3 395264
1 440
1 876800000
1 4768
1 21250
1 58
1 22
1 69000000
1 46562500
3 34765625
1 252
0 1
1 112
1 1480
1 2687500
1 25088
1 3900
1 63360
1 4375
1 75
1 36250
1 3380000
3 22773760
1 6160000
1 675
1 4375
1 4768000
1 130
1 17
1 3
1 23750
1 257500000
1 96
1 27750
1 3
3 241600
1 35
1 181403648
1 14500
1 74
1 51
1 381250
1 1950
1 65
1 2953125
1 762500
0 1
1 134765625
1 485000
1 14200
0 1
1 270
1 1300
1 35
1 431250000
1 6500
1 7400
1 7
1 107
1 2360
1 906250
1 88
4 745
7 11312500
1 4875
1 61
1 6050
1 5728000
1 35546875
1 875
1 175
3 3560000
1 11584000
1 124
3 164
1 3880000
11 238
1 679687500
1 83750
3 785000
1 12200
7 58500
7 365625000
1 110
1 2075
1 113281250
1 177
1 3968750
1 48250
1 5625
1 176562500
1 386718750
3 102500
1 19921875
1 568750
1 5088
1 21
1 1625
3 66500
1 18500
1 201250
1 209375
1 56
3 32187500
1 1625
1 48800
1 4750
1 7840
1 1031250
1 123200
1 42496
1 24750
1 492500000
1 223750
1 10625
9 198437500
1 54
1 7421875
1 47812500
3 620
0 1
1 950
7 48046875
1 673828125
1 13
0 1
1 364
0 1
1 325
1 68
1 4525000
1 1568
1 7
1 2096000
1 62080000
1 40250000
0 1
1 192
1 1796875
1 58
1 330
1 26
1 65
1 75
3 65200000
1 105
1 50312500
5 280576
1 25400000
1 3828125
1 1448
1 570
1 345000000
1 15
1 55
1 190
1 45
1 30625
1 3925
1 421875
1 930000
1 11562500
1 77
1 14
1 16100
1 2656250
3 235937500
1 7250
0 1
1 88
0 1
1 956250000
1 35
1 19875000
0 1
1 97000000
1 25088
1 2750
1 30880
1 10750
1 19140625
1 5156250
0 1
1 3656250
2 17375
3 410
1 5056
1 214000000
1 2050
1 75
0 1
1 64400000
1 152500000
1 2656250
1 49
0 1
1 166015625
3 90400
1 462500
1 1328125
1 26250
1 230
1 69000000
1 15
1 228125
1 1432000
0 1
0 1
1 110
1 14600000
1 90
1 21875
1 3088
0 1
1 52400
1 6440000
1 133750000
1 35600000
1 3
1 7
1 291200000
1 152500
1 1450
1 21
3 496
1 109375
1 23625
1 15
1 11328125
1 1584
1 119140625
1 17536
1 690000000
1 36718750
1 2739200
1 13680000
9 5281250
1 95500
1 640625000
1 140083200
1 815000000
3 19300000
3 1240
1 48
0 1
1 14453125
0 1
1 4750
1 4875
1 722656250
1 26
1 17750
1 184375000
1 13
1 19400000
1 131250
1 10432
1 212
1 135937500
3 12400
1 135
1 550781250
3 49375
1 215000
1 55
1 9
0 1
1 5800
2 3275
1 375
3 6520000
1 1450
1 3540000
1 25088
1 317194240
1 645529600
1 757812500
1 800781250
1 64375000
1 83500
1 2900
1 86
1 18
1 825
0 1
7 521666560
1 757812500
1 10750000
1 28640
1 3250
1 431250
1 468480
0 1
1 184
1 4250
3 10703125
1 4375
1 13
1 47000
1 265625
7 35500
1 490
1 530000
1 3050
1 43000
1 50176
3 378125000
7 135200000
1 200704
1 241600
11 4650000
1 1475
0 1
1 130
1 115
1 5156250
1 106250
3 124
1 870000000
7 19500
1 1650
1 122000
1 14960
0 1
0 1
1 643072000
11 555
0 1
11 4650000
1 2150
1 26406250
1 4966400
1 4375
7 1136
1 6272
0 1
1 18080000
1 35430400
1 46
1 35
1 24
1 843750
1 96
3 90500
0 1
1 87552000
1 13984375
7 19100
1 818750000
1 43000
3 496
1 2625
1 15892480
1 1808000
1 1056250
1 260
1 1175000
1 206000
1 47040
1 7
1 531250
1 28437500
1 365000000
1 7050
1 13700
1 2585600
1 260937500
1 17250
1 29
1 19750
3 503125000
7 568
1 616000
1 325
1 60
1 630000
3 294921875
0 1
0 1
1 230
1 1960
1 16200000
1 4250
1 784
3 26083328
0 1
1 1012500
1 1125
0 1
1 45
0 1
1 1375
1 453125
1 88
7 56800
1 270
1 22656250
1 4875
3 154296875
1 15
1 23125
1 29
1 3
0 1
1 36
1 940
0 1
1 66406250
1 15760000
1 936960000
1 880
3 133
1 12400
0 1
1 550
1 64880640
1 29000
1 4562500
3 620
3 13300
1 156
1 675
1 834560
0 1
1 66406250
1 2578125
1 6
1 1625
1 286400
11 198750
0 1
1 31840
1 3050000
7 73046875
1 69600000
1 1402880
1 17800000
0 1
1 31360
0 1
0 1
1 31800
1 3593750
1 630400000
3 1990
1 24
1 22656250
1 2016
1 110400000
1 3340
1 14375000
1 10187500
1 421875
1 15
3 392167424
1 52
1 7300000
3 400390625
1 168
1 475
1 496
3 94531250
1 634388480
1 75
1 590000
11 23250
1 9
1 130
1 7875
1 25500
1 75
0 1
3 12400
9 10390625
1 4375
1 10750
1 145600000
1 84375
1 68400
1 11875
1 21200
1 1613824
1 22
1 131000
1 4765625
1 35
1 55
1 400390625
1 15400000
0 1
1 96
0 1
1 6640625
11 18600
3 457179136
1 22
1 114
1 71600
1 56
1 6875
1 201562500
1 30105600
1 42750000
1 44140625
1 231680000
1 1340000
1 256250
1 725
1 30240
1 19072
1 30
1 364000
1 21440
1 231250
7 645
11 2325000
1 131250
1 1921875
1 190
1 2408448
1 225
1 64453125
1 38125
3 6171875
1 525
1 28400
3 188750000
1 1352
1 190
1 1125
1 45
3 6280
3 1790000
1 7
1 22125
1 255
1 710000
1 2350000
1 3450
1 48500000
1 265625
1 59375
1 357421875
1 668750000
1 90625
1 296875
1 7004160
1 14
1 2750
1 531250
1 6
1 9760
1 48
1 30625
1 3825
1 28500
1 117
1 91796875
1 425
1 772000
1 29000
1 5450
1 9700
1 12096000
0 1
1 11562500
1 6875
1 880
1 3671875
1 48250
1 528125000
1 30080
1 14453125
1 7116800
1 4375
3 71600
1 53125
1 46336
7 3900
7 3900
11 3180
1 29000
0 1
5 417333248
1 382976000
1 171000000
11 3975
1 118750
1 1272
1 156672
1 2281250
1 225
7 142868480
1 30
1 169921875
3 27031250
0 1
1 124
1 7120000
1 26
1 90
1 260
1 231250
0 1
0 1
1 2900
1 30800
0 1
1 749568000
1 531250
1 23750
1 156
1 2312500
1 13
3 407552
0 1
1 48
1 291015625
1 45
1 153125
1 1125
1 650
1 6500
1 462500
3 257600000
1 285000
1 5437500
7 1496
1 58750000
1 990
1 690
1 33
1 52
1 17
3 620
1 773120000
1 7900
1 205
1 20625
1 2828125
0 1
1 967680
1 2384000
1 830
1 2050
1 5184
1 94
0 1
1 115625
1 130
1 370
1 264765440
1 284
1 86
3 1930000
1 744
1 56
1 3150
1 96
1 17
1 1106250
1 361600
1 2109375
0 1
1 302
1 54375000
0 1
1 12
1 2480
1 2275000
1 7625000
1 2375
1 144531250
0 1
3 9875000
1 58
1 175
1 36
1 275
1 15
1 131250
1 105
1 1925000
1 6875
1 7968750
1 16056320
9 446464000
1 100480000
3 12343750
1 671875
1 3468750
1 19700000
1 4375
1 2375
3 2260
3 2480
1 123437500
1 1370
1 940
1 5650000
1 175
1 83
0 1
1 310
3 386560000
1 392
1 3031250
3 248
1 225
1 17812500
1 287500000
1 134375
1 142336000
1 550
1 92500
1 181000000
1 4659200
1 253440
0 1
1 722656250
7 3550
0 1
1 7125000
1 4384000
1 38800000
3 2576000
1 95
1 55600
1 1050
1 42
1 6640625
1 110720
1 14375000
1 325
0 1
0 1
0 1
7 251953125
0 1
1 851562500
1 12400
1 15
3 395
1 50432000
1 805
3 52166656
1 6015625
1 414062500
3 320312500
1 18500
1 515200
1 10750
0 1
1 7480
3 400390625
1 528125000
1 2968750
1 54
3 205
1 128906250
3 4937500
4 23625
0 1
0 1
1 68125
1 725
1 7
1 2125
1 55
1 4816896
1 34687500
1 190625000
1 49375000
1 35
0 1
1 13750
1 56640625
1 81500
1 57031250
1 16900000
11 555
1 23750
1 4850000
1 1725
1 369140625
1 230
1 458984375
1 1475000
3 124
1 215625
1 59200
1 370
1 737500
1 828125000
1 61952000
1 2912
1 13
3 1550
7 9750
3 49375
1 150
1 114062500
1 4760
1 162000
1 1050
1 5250
11 496875000
1 33984375
1 28906250
1 11875
1 150
1 24625
1 284
0 1
1 26
1 37890625
1 25781250
1 5281250
0 1
1 58984375
1 67500
1 2875
1 925
9 83125
1 8875
1 110
1 875
1 548
1 52734375
1 550
1 263671875
1 4136960
1 590000
1 147500
1 4650000
3 27031250
3 496
1 648
1 72500
1 130
0 1
1 24400
3 245104640
1 5781250
1 2125
1 9218750
1 23750
3 6520832
1 48
1 3320
0 1
1 718750000
1 394531250
0 1
1 1568
1 375
0 1
3 2112500
1 2625
3 2640625
1 190
1 460
1 4875
3 620
1 25625000
1 3900
1 310400000
1 4453125
1 35
1 1575
1 100480000
1 411566080
1 177000
1 15
1 1796875
1 192
1 671875
3 128125
0 1
1 186250000
1 154880000
1 109
3 278125
1 10125
1 2750
1 1546875
1 275
1 650
1 67968750
1 354000
1 4875
0 1
1 7421875
1 45
7 322764800
1 26953125
1 9
3 604
0 1
1 214400
1 204000
1 1484375
1 531250
1 1650
0 1
0 1
11 318
9 3340
3 31
1 5240000
7 71000
1 395000
1 810000
1 8812500
1 7
1 52734375
1 92
1 612000
1 1325000
1 4125
1 575
5 96768
0 1
1 108160
1 66
1 1240
1 140
0 1
1 115000000
1 783360
1 267500000
1 9550000
1 550
1 1625
1 25344
1 309760000
1 130
1 1450
1 4750
1 86
1 74
1 875
3 160156250
1 177152000
3 164
3 640625
1 15280
1 177
1 184375
11 93
1 84375
1 253125
1 107200
1 860
3 445000000
1 3136
0 1
1 109375
1 10875
1 270
1 1300
1 671875
7 39
1 14
0 1
1 3152
3 310
1 1328125
1 3175
3 255859375
1 72
1 95
1 9
1 4040
3 154400
1 993280
3 80078125
1 83125
0 1
1 10250
1 96
3 10960000
1 6356992
9 198437500
0 1
4 388671875
1 190
1 275
7 19500
0 1
7 521875
1 24
1 275
1 96
1 184375
1 2125
1 36250
1 17
1 3880000
1 2125
1 2864000
1 524
1 2265625
1 442880000
3 777343750
1 2656250
1 48
1 18816
1 1156250
1 32600
1 158
3 422500
1 3625
1 425781250
7 19218750
1 4187500
0 1
0 1
3 4156250
1 800781250
0 1
1 18
1 6336
1 350
1 36875000
1 24832000
1 217500
3 124
3 308593750
3 257600000
1 82
1 4750
1 54800
1 225
1 156
1 3168
1 332
1 55
1 2040
1 1125
1 3211264
1 86
1 35
0 1
1 31
1 246400
1 850
1 425
1 802816
1 75
1 45
1 1950
1 65
1 58500
1 355000
1 296875
1 1625
1 88281250
1 5781250
3 4075520
1 6
1 2440
3 71200000
3 124
0 1
1 280
1 44
1 60
1 5250
1 30600000
1 293750
1 12224000
1 210
3 158750000
1 2260
1 1620
1 66800000
1 287500000
1 358000000
0 1
1 6500
1 830078125
1 65
1 1490000
1 650
1 140
1 734375
1 453125
1 69000000
1 48500000
1 355000
1 12343750
1 16750000
1 112197632
1 24
0 1
3 12880000
1 1484375
1 275
3 2468750
1 28125
1 6520
1 14500
9 33250
1 65
1 115
1 1156250
1 6272
1 6500
0 1
1 11562500
3 612761600
1 210
1 190
0 1
1 2704
1 75
1 325
1 7
1 268000
1 113281250
1 38
1 252
1 950
1 75
7 5984
1 700
13 3088
0 1
1 1050
1 45
1 905000000
1 56400
1 89843750
1 2750
1 335
1 10546875
1 71875000
0 1
1 90400000
1 452500
1 24
1 270
1 130
1 7125000
1 123200
1 4448000
1 2950000
1 566406250
7 156
1 48384
1 150
0 1
1 733184000
1 730000000
3 124
1 225
1 19
1 53120
1 926720000
1 278400000
1 260
3 9050
1 228800
1 2912
0 1
1 921875000
1 1843750
1 3
1 417500
1 7187500
1 10100
11 4650000
1 275
1 1468750
1 7840
0 1
1 83125
1 94
7 780
1 339968
1 265625
1 58750
1 543948800
1 7760000
11 123
1 27361280
1 245
1 67500
1 12352
1 222500000
1 1625
1 175
1 220312500
1 41728000
1 11
1 11
7 208666624
0 1
1 60
7 234
1 20156250
0 1
1 1375
11 7440
1 3136
1 252500
1 550
1 167500000
1 1075
1 88500
1 531250
1 271875000
1 490625000
1 2007040
1 2968750
1 95
7 935
9 3325
1 122
1 14843750
1 2650
3 251562500
3 21376
1 2425000
1 1820000
1 3136
1 56640625
1 56640625
0 1
0 1
7 264062500
1 640625
1 255
1 45500000
1 442880000
1 91796875
0 1
1 490
1 7
0 1
1 296
1 14250
0 1
1 181250
1 55
3 745000000
1 732160000
1 170
1 33
1 457500000
1 292864000
1 370
1 4600
1 6437500
0 1
7 39
0 1
1 2480
1 110
1 26875000
0 1
1 118750
0 1
1 7120000
1 568000
1 28515625
1 206250
1 139062500
1 10624
1 4750
1 1158400
3 302500000
0 1
5 5408
1 19
1 3250
1 36
1 18437500
11 34687500
1 4375
1 1352
1 128906250
7 3900
1 115
0 1
1 142868480
1 1980
11 232500
3 31
1 2656250
1 6
1 72500
1 205
1 560
1 370
1 110
1 9
7 355
0 1
1 1843750
1 31400000
1 496
1 293750000
1 1125
1 3375
1 231014400
1 283203125
3 310
3 4554752
1 10625
1 98
1 29500000
1 18
1 395
1 71168000
1 260
1 1650
1 163
9 2672
1 81000000
1 67500
1 11
1 610
1 190
1 9
1 45
0 1
1 1176000
1 36250
1 19
1 15
1 85760
1 70
1 6
1 48
11 39750000
1 6375
1 23500
1 906250
1 7480
1 13906250
1 145000
1 126
1 123437500
1 24
1 48400000
1 3010560
1 6
7 149218750
1 90400
1 35
1 1125
0 1
1 1630
1 16480
1 6680
11 325632
1 504
1 22
1 109375
1 3250
1 7840
1 3850000
1 17400
1 36750
7 457179136
1 9
1 1328125
1 1162500
1 775
0 1
0 1
1 28125
1 1260
0 1
1 130
1 23500
1 2480
1 564
1 36
1 1241600
0 1
0 1
1 81875
3 6950000
1 12
1 6300000
1 6750
1 23625
1 462500
1 45
1 6300000
1 2850
3 49375000
1 50176
3 49375
1 12
1 45
1 77600000
0 1
1 731250
1 39750000
1 11562500
1 16750000
1 287500000
1 11625
1 59375
3 326000000
0 1
0 1
1 9700000
1 77000
11 407552
1 504
1 870318080
1 78336000
1 65625
1 953600000
1 21248
1 308800000
1 61
1 11280000
1 40750
1 3
1 72
3 4093750
3 10250
1 440
1 60
1 75
1 260
7 11312500
1 367187500
1 658505728
1 112
0 1
1 762500
1 144531250
1 74
1 215
1 2425
1 11
1 620
1 34
1 106240
1 467500000
11 9300
1 131250
1 3178496
1 35500
1 1325
1 1125
1 22200
0 1
1 685
1 1240
1 990
0 1
1 46858240
1 23750
1 12812500
3 12700000
1 405
1 6875
3 7331840
1 72265625
3 32600000
1 3050000
1 287500000
8 109
1 190
1 898437500
1 228800
1 38
1 6920
0 1
1 286400
3 163750000
0 1
1 120
1 18500
1 200704
1 15232
1 5439488
1 8625000
1 2312500
1 55
1 3240
11 186000
1 775
1 675
0 1
1 4375
1 90625
1 488
1 35
1 975
0 1
1 56
1 13696
1 671875
1 38
1 89843750
1 170
1 825
1 2780
1 11562500
1 121250000
3 2050
1 7343750
1 9100000
1 6750
1 60
1 4375
1 6375
1 31680
1 104375
1 85
1 72265625
1 1762500
1 94
3 724
1 166015625
1 1480
1 308800000
1 115234375
1 568750000
7 244480
1 158
1 72500
1 1671875
1 975
1 910
3 16015625
1 19250
1 18437500
1 752640
1 37200
1 206250
1 112
1 70
3 64375000
3 13041664
1 15250000
0 1
1 550
1 136
1 63242240
1 52
1 612761600
0 1
0 1
0 1
1 474480640
1 1046875
1 2968750
1 165
1 18600
1 285000
0 1
0 1
1 659456
1 539062500
1 568750
3 20125
1 1468750
1 183593750
1 13
2 6484375
0 1
1 210
1 80625
1 16875
1 170
7 146250000
3 1310000
1 1359872
1 400390625
1 291200000
3 2781250
1 95
1 723200
1 875
1 1300
1 289062500
1 9625
1 6500
3 11386880
7 975
1 648
1 2750
1 25344
1 61120000
1 71875
1 13125
1 293750
1 6272
1 1490
1 1125
3 157000
3 1384000
1 640625000
1 54
1 65
1 248
1 5968750
1 435
1 230
1 48
1 45
1 11750000
1 23750
1 1925
1 110
1 59375
1 1156250
0 1
1 111360000
1 28
1 75
1 19140625
3 11584
1 5625
3 40250
1 225
1 213750000
1 47000
1 2750
1 3700
1 130
1 153000000
1 62800000
1 3450
1 19921875
1 90
1 255
1 96
1 48
1 413138944
1 1484375
1 1031250
1 1484375
1 66
1 275
1 11562500
1 110
1 2750
7 7640000
1 182000
1 8515625
1 72265625
3 6455296
1 1648640
1 570312500
1 25200
1 122000
1 59375
0 1
1 35
0 1
1 725
1 8550
0 1
1 13750
1 24
1 834560000
1 28125
1 471875000
1 824000
1 6500
1 21875
1 45
1 11125
1 8896000
1 2350000
11 27750
1 252
1 28400
1 155
3 155
1 357171200
1 531200
1 60
3 556250000
1 5625
1 2750
3 6200
1 1359872
7 1775
1 75
3 25625000
0 1
1 517120
1 28928
0 1
0 1
1 15
1 2125
1 27197440
1 3250
1 17968750
1 87031808
0 1
1 4625
1 1008
1 1025
0 1
1 45
0 1
1 14
1 6
1 13
1 14625
1 321875000
1 5625
1 115625
1 91500
7 14464
1 10437500
11 8671875
3 5865472
1 95625000
1 175
1 435159040
1 620800000
3 2480
1 26875000
1 179687500
0 1
1 15
1 167500
1 275
1 19
11 496875000
1 810
1 70
1 269531250
3 16100000
1 21500
1 15300000
1 330
1 188
1 112066560
1 375
1 46500
1 5100
1 10187500
11 761600
3 1550
0 1
1 23750
7 1950
1 75
1 12976128
1 31
1 11
1 35
1 6700000
1 455
3 23281250
1 17700000
1 1710000
1 13281250
3 60500000
1 2875
7 240234375
1 430
1 168750
1 6125
1 1484375
1 21250
0 1
3 3425000
7 88750
3 493750
0 1
1 108789760
1 33203125
1 263671875
1 296875
1 1512
1 734375
1 44288000
3 12343750
3 246875
1 12
3 79052800
1 4375
1 135
1 3625
1 14453125
1 126000
3 120625
1 23600
1 16875
1 428000000
1 35
3 31
0 1
3 1975000
0 1
1 102000
0 1
1 6875
1 5625
0 1
1 675
3 61952000
3 11584
1 588
1 149
1 30078125
1 2656250
0 1
3 1609375
1 46848000
1 155
1 1740
3 19763200
1 788000
1 76160
1 440
1 1650
1 1030000
1 332
1 18
1 19700000
1 248320000
1 2920000
3 4450000
1 7560000
1 912500
1 5750
1 26560
1 2425000
1 48125000
1 67600000
1 6500
1 1593750
3 521600000
0 1
3 6680
3 815104
1 401920000
1 8250
1 143000
1 128125000
1 14500
9 258211840
1 710937500
1 789062500
1 78
1 52734375
0 1
1 1125
1 2312500
1 14100000
1 220
1 684800
1 3
3 3580
1 9
0 1
1 47656250
1 10625
1 192
1 12031250
1 35
1 776000
0 1
1 4200
1 1300
1 14
0 1
0 1
1 31
1 232421875
1 575
1 381250
1 14500
1 22875000
3 151250
1 24
1 75
1 62
1 53000
1 1375
0 1
1 325
1 762500
1 1480
1 1090
3 905000
1 156
1 662500
3 2225
1 246400
3 60500000
3 181
1 2576000
1 7
3 12352
1 531250
0 1
1 4450000
1 33
1 50937500
1 45
1 26250
1 6300
1 73750000
1 7920
1 38671875
1 71250
1 775
23 615
1 1420000
1 103125
1 175
0 1
1 66800000
1 850
1 129000
3 48250
1 359375000
1 650
1 140
1 58572800
1 2480
1 44
1 361328125
1 2750
1 24125000
1 5156250
1 935000
0 1
1 67
1 6900000
1 147000
3 2468750
0 1
1 2075
1 22812500
1 173828125
1 707031250
3 79
1 993750000
7 61120000
3 1025
1 13
1 340625000
3 515000000
1 185
1 173828125
1 28125
1 15390625
3 11125
1 16700
1 31360
1 2100
1 34062500
0 1
1 475
0 1
1 44480000
1 2112500
0 1
7 132031250
1 4725000
1 2225
1 470000
1 4704000
1 4375
1 528125000
1 820
7 571473920
1 140
1 287500
0 1
1 56
1 5250
1 140
0 1
1 235000
1 14
1 21500
1 3
1 271974400
0 1
3 310
1 748000000
1 950
1 13
1 52
1 145600000
0 1
3 34750000
1 20625
1 1515625
1 2700
1 12
0 1
1 11584
1 157500
11 38080
1 88
1 192
3 1580
3 62
1 3150000
1 19062500
0 1
1 48
1 263671875
7 553600000
1 68
1 48800
1 22
1 1003520
1 33400
1 13125
3 264062500
1 115000000
1 81500000
3 756250
3 161
1 92500
1 1687500
0 1
1 587500
1 66250000
1 93125000
1 21875
7 195
1 3562500
1 122000
1 310400000
1 66406250
1 333824
1 275
1 52734375
1 278000000
3 497500
0 1
0 1
1 377500
1 71250
1 566406250
1 7734375
1 255
1 11750000
3 6520000
1 17
1 401408
1 2950
1 4250
1 162
1 152
4 106875
1 30880000
1 650
1 192
0 1
1 296875
1 45
1 140
1 493750
3 75625000
1 3562500
1 875
7 5968750
1 572800
1 2750
1 15
1 5344
1 25200
1 94000
1 67500
1 165625000
0 1
1 1862500
1 64453125
3 80078125
0 1
1 537500
3 51520000
1 3480
1 17
1 375
1 2925
1 2968750
1 20375000
1 47000
1 6272
1 566400
1 347500
3 9812500
1 14480000
1 475
1 271484375
1 780
1 794624000
1 11625
1 109375
1 33500
1 25500
1 1987500
1 6015625
1 70
1 802816
1 95360000
1 1675
3 4937500
1 161250
0 1
7 244480
1 5625
1 7400
1 1860
3 251562500
1 6200
1 36608
1 906250
1 29000
1 213750000
1 206250
1 4750
1 213750
1 58
1 66406250
3 6171875
1 21500
1 535
3 382976000
1 1437500
1 17536000
1 41
3 124
7 78
3 32276480
1 531250
1 190
1 29000
1 67500
3 12437500
1 1540000
3 3325000
1 202752
1 6840
1 76
1 45500
1 52
1 19100000
1 35937500
1 113281250
1 1240
1 585728000
3 223232000
1 11625
1 322764800
1 22
1 16480
1 4825000
1 806912000
1 175
1 12375
7 357171200
1 12720
0 1
1 13281250
1 36400
1 6171875
1 113281250
1 1240
1 2592
1 3250
1 6625000
0 1
1 34800000
1 464843750
0 1
1 366000000
1 25781250
1 1808000
1 6875
1 3060000
1 19
1 18743296
7 596875
3 102343750
1 575000000
1 765625
1 976
1 85600
1 1156250
0 1
3 5281250
1 1003520
1 48
1 72265625
0 1
1 15100
1 6200
1 26250
7 1193750
1 57
1 7650
1 197265625
1 110
1 140
1 19500
1 230000000
9 25400000
3 11125
1 98
1 1168000
1 15468750
1 880
7 3900
1 7250
1 12200
1 37
1 25781250
3 120800
1 155
7 26083328
1 76250000
7 1870
1 26093750
1 188
1 154000
1 45
1 55
1 588
1 275
3 246875000
7 11187500
1 1620000
1 53125
1 52
3 117968750
1 361328125
1 27197440
1 8500
3 67578125
1 40400
1 364000
1 287500
3 17900
1 199218750
1 275
1 4625
1 1437500
1 260
1 58750
3 834560
1 15
1 54
1 10250
1 12
1 140
1 1156250
1 26875000
1 133750000
1 95
9 5344
1 175360000
1 14200
0 1
3 714342400
1 58
1 578125
1 862500000
1 65625
1 110
1 12400
1 26800
1 6937500
1 550
1 18
1 227500
1 96
1 8250
1 759169024
1 52734375
1 61000
7 66015625
1 111250000
1 9
3 158750000
7 3900
1 63750
1 22656250
1 6
12 77734375
1 73750
1 47656250
0 1
1 2750
1 23000
1 62720
0 1
1 50432000
0 1
1 16056320
7 156
1 95
1 142
1 408
1 300781250
1 1796875
3 31
1 6
1 222656250
1 252000
3 1808
1 24
1 970
1 166015625
1 30800
1 566400000
1 234240000
1 170
1 10304000
1 13203125
1 113281250
0 1
1 139062500
1 825
1 225
1 185
0 1
1 15
1 1072000
1 111328125
1 734375
0 1
7 97792
1 13437500
7 3900
1 2225
1 128906250
1 10688
1 1550
1 679687500
1 14453125
1 1812480
3 1737500
1 21875
1 18281250
1 195
2 103
1 193000000
1 1328125
1 168750
1 134375
1 210
1 54296875
1 361328125
1 55360000
1 2740
1 275
1 66
1 1830400
0 1
1 29200000
3 9875000
1 418750000
1 42
1 39
1 62720
3 197500
1 10125000
1 18700000
0 1
1 33200
2 590625
1 176562500
3 254
1 118750
1 2750
1 15
1 130
3 16093750
1 118750
1 25952256
2 905
3 4075000
1 24
1 3
1 1375
1 3240000
1 94000
3 155
1 898437500
7 392500
1 460937500
1 1325
1 2750
7 4875
1 9125
1 190720
1 21920000
1 309657600
1 130
1 5840000
3 512500
1 225
0 1
1 293750000
0 1
1 2992
1 22
1 355468750
1 4375
1 17750
1 183040
1 34240
1 71500
1 196875
1 93500
1 56
1 47000
9 133
1 496875
1 7440
1 837500000
1 114
1 568750000
1 230
0 1
1 370
1 525
1 11562500
1 12976128
1 1003520
1 475
1 13250
1 101000
1 59375
1 22
1 462500
1 28125
1 60
1 593750
1 1253376
1 11386880
2 655
1 145000
1 6272
1 190
0 1
1 575000000
1 1593750
1 775
0 1
1 1375
3 62
1 6500
1 15
1 59200
1 1300
1 260
1 28500
1 231680
1 1700
1 3250
1 639631360
1 2875
1 985000000
1 3
11 52166656
1 593750
1 4281250
1 66406250
1 3375
1 129600
1 210
0 1
1 292000000
11 37200
1 490625
1 46250
1 772
1 358000
1 185
3 155468750
0 1
1 192500
0 1
1 1272
1 55
1 1016000
1 550
1 11800
1 45
0 1
0 1
1 5250
1 17
1 71500
3 493750
0 1
1 202500
1 176
1 12224
1 3900
1 23168
1 151
1 664
1 2687500
1 444
1 9125
1 10500
1 96
1 11392000
1 57812500
1 109375
1 1605632
1 2312500
1 167
1 283203125
1 397312000
1 1125
1 26
1 175
11 119000
1 224609375
2 490625
0 1
7 195
1 13750
0 1
1 167
1 1162500
1 1350
1 115000000
1 34800000
1 10625
0 1
11 130416640
1 1300
1 359375000
1 25088
7 50390625
1 155200000
1 10625
0 1
3 1368064
1 392
1 2125
1 18500
1 2875
0 1
3 161000000
1 550
1 13046875
1 425
0 1
1 13281250
0 1
1 73750
1 28125
1 12
1 3178496
1 3
3 4554752
1 225
7 16125000
0 1
1 61328125
7 355000
1 47000
1 153125
1 205783040
1 456250
1 94500
1 1910000
1 57812500
1 725
1 1550
1 362000000
1 10750000
1 58
1 11062500
7 177500
1 1484375
1 6
1 63600
1 15
1 2100
1 2656250
1 5156250
0 1
0 1
1 38
0 1
1 192
1 36400000
1 1650
3 987500
0 1
1 1960
1 8625000
1 45
1 25088
1 54
1 56
1 60
3 20468750
1 244
1 15680
1 44
1 550
1 25088
1 5375
1 6750
1 267200000
0 1
1 85
1 33750
7 23375000
0 1
1 2125
1 270400
5 187
1 184375000
0 1
1 8273920
1 543750
1 24640
1 56875
1 145
9 3340
1 17250000
1 48
1 18
1 48
7 5850
1 285156250
1 210
1 1605632
1 24
1 63438848
1 15700
1 23375000
1 9312500
1 11
1 503125000
1 72800
1 375
1 83750
1 1300
1 224609375
1 72
3 12400
3 800781250
1 15800
0 1
3 64375000
0 1
1 1125
3 20125000
1 22
1 45
1 9125000
0 1
5 524
1 171000
1 24
1 140
1 138000000
1 27600000
1 1605632
1 36875000
1 515625
3 139062500
1 6875
7 75390625
4 109
1 94
1 85
0 1
1 668750
1 296
1 3660
1 96800000
1 17250
5 187
1 235
1 140
1 422500000
1 29500
0 1
1 2875
1 91796875
1 460
1 368750
1 2937500
7 2272
1 104320
1 110
1 99609375
1 11328125
3 3950
0 1
0 1
1 14750
1 116250
1 1589248
1 231250
1 31
1 33593750
7 284
0 1
1 96500
1 70
1 13750
1 25781250
1 1940000
1 33750
1 361600
0 1
1 275
1 446464000
1 26093750
1 806912
1 96
1 15
1 49687500
1 89
11 1904
1 11125000
0 1
1 268750
1 245
1 1136
1 356250
1 21800
1 4375
3 128125
1 65
1 811008
0 1
0 1
1 33125000
1 59375
1 2350000
1 197000000
3 1025
1 780
1 440
1 53120
1 72500
1 55
1 27800
1 7
